#
# There is insufficient memory for the Java Runtime Environment to continue.
# Native memory allocation (malloc) failed to allocate 984336 bytes for Chunk::new
# Possible reasons:
#   The system is out of physical RAM or swap space
#   The process is running with CompressedOops enabled, and the Java Heap may be blocking the growth of the native heap
# Possible solutions:
#   Reduce memory load on the system
#   Increase physical memory or swap space
#   Check if swap backing store is full
#   Decrease Java heap size (-Xmx/-Xms)
#   Decrease number of Java threads
#   Decrease Java thread stack sizes (-Xss)
#   Set larger code cache with -XX:ReservedCodeCacheSize=
#   JVM is running with Unscaled Compressed Oops mode in which the Java heap is
#     placed in the first 4GB address space. The Java Heap base address is the
#     maximum limit for the native heap growth. Please use -XX:HeapBaseMinAddress
#     to set the Java Heap base and to place the Java Heap above 4GB virtual address.
# This output file may be truncated or incomplete.
#
#  Out of Memory Error (./src/hotspot/share/memory/arena.cpp:197), pid=1416, tid=2068
#
# JRE version: OpenJDK Runtime Environment (11.0.11+9) (build 11.0.11+9-b60-7590822)
# Java VM: OpenJDK 64-Bit Server VM (11.0.11+9-b60-7590822, mixed mode, tiered, compressed oops, g1 gc, windows-amd64)
# No core dump will be written. Minidumps are not enabled by default on client versions of Windows
#

---------------  S U M M A R Y ------------

Command Line: --add-opens=java.base/java.util=ALL-UNNAMED --add-opens=java.base/java.lang=ALL-UNNAMED --add-opens=java.base/java.lang.invoke=ALL-UNNAMED --add-opens=java.base/java.util=ALL-UNNAMED --add-opens=java.prefs/java.util.prefs=ALL-UNNAMED --add-opens=java.prefs/java.util.prefs=ALL-UNNAMED --add-opens=java.base/java.nio.charset=ALL-UNNAMED --add-opens=java.base/java.net=ALL-UNNAMED --add-opens=java.base/java.util.concurrent.atomic=ALL-UNNAMED -Xmx2048m -Dfile.encoding=UTF-8 -Duser.country=KR -Duser.language=ko -Duser.variant org.gradle.launcher.daemon.bootstrap.GradleDaemon 7.2

Host: 11th Gen Intel(R) Core(TM) i5-1135G7 @ 2.40GHz, 8 cores, 15G,  Windows 10 , 64 bit Build 19041 (10.0.19041.2251)
Time: Fri Dec 30 18:40:14 2022 대한민국 표준시 elapsed time: 21.505509 seconds (0d 0h 0m 21s)

---------------  T H R E A D  ---------------

Current thread (0x000001306e776000):  JavaThread "C2 CompilerThread1" daemon [_thread_in_native, id=2068, stack(0x0000002dd5200000,0x0000002dd5300000)]


Current CompileTask:
C2:  21505 12075       4       org.antlr.v4.runtime.BufferedTokenStream::sync (55 bytes)

Stack: [0x0000002dd5200000,0x0000002dd5300000]
Native frames: (J=compiled Java code, j=interpreted, Vv=VM code, C=native code)
V  [jvm.dll+0x5f214a]
V  [jvm.dll+0x726fb5]
V  [jvm.dll+0x7285cd]
V  [jvm.dll+0x728c83]
V  [jvm.dll+0x243278]
V  [jvm.dll+0xbc53c]
V  [jvm.dll+0xbca3c]
V  [jvm.dll+0x353e3b]
V  [jvm.dll+0x19895c]
V  [jvm.dll+0x1fc2ee]
V  [jvm.dll+0x1fb3d4]
V  [jvm.dll+0x183d6c]
V  [jvm.dll+0x209a57]
V  [jvm.dll+0x2082a1]
V  [jvm.dll+0x6ef58f]
V  [jvm.dll+0x6e80b5]
V  [jvm.dll+0x5f1036]
C  [ucrtbase.dll+0x21bb2]
C  [KERNEL32.DLL+0x174b4]
C  [ntdll.dll+0x526a1]


---------------  P R O C E S S  ---------------

Threads class SMR info:
_java_thread_list=0x00000130761a1860, length=138, elements={
0x0000013052f0c000, 0x000001306dc31000, 0x000001306dc3a800, 0x000001306dc55800,
0x000001306dc59000, 0x000001306dcad800, 0x000001306dcae800, 0x000001306dcb3800,
0x000001306dcb4800, 0x000001306de20800, 0x000001306e6a3000, 0x000001306df09800,
0x0000013070609800, 0x0000013070015800, 0x00000130700e7000, 0x000001306f0ea000,
0x000001306fd54800, 0x000001306fb51800, 0x000001306fb52000, 0x000001306fd4b800,
0x000001306fd4d800, 0x000001306fd4a000, 0x000001306fd4c800, 0x000001306fd48800,
0x000001306fd4e000, 0x000001306fd4f000, 0x000001306fd4b000, 0x000001306fd49800,
0x00000130743bb800, 0x00000130743bc800, 0x00000130743b8000, 0x00000130743be000,
0x00000130743b9000, 0x00000130743bf800, 0x00000130743c0800, 0x00000130743ba800,
0x00000130743c2000, 0x00000130743c3800, 0x00000130743c5800, 0x00000130743c4800,
0x00000130743c6000, 0x00000130743c3000, 0x00000130743c1000, 0x00000130743c7000,
0x000001307023b000, 0x0000013070237800, 0x0000013070238800, 0x0000013070239800,
0x000001307023a000, 0x0000013070235800, 0x0000013070237000, 0x000001307023c000,
0x0000013070236000, 0x0000013070240800, 0x000001307023c800, 0x000001307023d800,
0x0000013070241800, 0x0000013070243000, 0x0000013070242800, 0x0000013070244000,
0x0000013070240000, 0x000001307023e800, 0x000001307023f000, 0x000001307447f800,
0x0000013074481000, 0x0000013074480800, 0x000001307447e000, 0x0000013074482000,
0x000001307447c000, 0x000001307447e800, 0x0000013074482800, 0x000001307447d000,
0x0000013073cca000, 0x0000013073ccd800, 0x0000013073ccb800, 0x0000013073cc7800,
0x0000013073cce000, 0x0000013073cc8800, 0x0000013073ccb000, 0x0000013073ccc800,
0x0000013073cc9800, 0x0000013073a43800, 0x0000013073a45000, 0x0000013073a42800,
0x0000013073a44000, 0x0000013073a46000, 0x0000013073a46800, 0x0000013073a47800,
0x0000013073a42000, 0x0000013073a4c800, 0x0000013073a4d000, 0x0000013073a4e000,
0x0000013073a4a000, 0x0000013073a49000, 0x0000013073a4b800, 0x0000013073a48800,
0x0000013073a4f000, 0x0000013073a4a800, 0x0000013073a4f800, 0x0000013073a50800,
0x00000130746b6800, 0x00000130746b7800, 0x00000130746b3000, 0x00000130746b5000,
0x00000130746b1800, 0x00000130746b5800, 0x00000130746b8000, 0x00000130746b2800,
0x00000130746b9000, 0x00000130746ba000, 0x00000130746b4000, 0x00000130746be000,
0x00000130746bc000, 0x00000130746bf800, 0x00000130746bd000, 0x00000130746be800,
0x00000130746bb800, 0x00000130746c0800, 0x00000130746ba800, 0x00000130719be000,
0x00000130719bf000, 0x00000130719bb800, 0x00000130719bf800, 0x00000130719c0800,
0x00000130719bb000, 0x00000130719bc800, 0x00000130719c1800, 0x00000130719c2000,
0x00000130719c3000, 0x00000130719bd800, 0x00000130719c6800, 0x00000130719c4000,
0x00000130719c8000, 0x00000130719c5800, 0x00000130719c7000, 0x00000130719c4800,
0x000001306e776000, 0x00000130792ca000
}

Java Threads: ( => current thread )
  0x0000013052f0c000 JavaThread "main" [_thread_blocked, id=14872, stack(0x0000002dd2c00000,0x0000002dd2d00000)]
  0x000001306dc31000 JavaThread "Reference Handler" daemon [_thread_blocked, id=5268, stack(0x0000002dd3300000,0x0000002dd3400000)]
  0x000001306dc3a800 JavaThread "Finalizer" daemon [_thread_blocked, id=18004, stack(0x0000002dd3400000,0x0000002dd3500000)]
  0x000001306dc55800 JavaThread "Signal Dispatcher" daemon [_thread_blocked, id=18840, stack(0x0000002dd3500000,0x0000002dd3600000)]
  0x000001306dc59000 JavaThread "Attach Listener" daemon [_thread_blocked, id=22536, stack(0x0000002dd3600000,0x0000002dd3700000)]
  0x000001306dcad800 JavaThread "Service Thread" daemon [_thread_blocked, id=24180, stack(0x0000002dd3700000,0x0000002dd3800000)]
  0x000001306dcae800 JavaThread "C2 CompilerThread0" daemon [_thread_in_native, id=1208, stack(0x0000002dd3800000,0x0000002dd3900000)]
  0x000001306dcb3800 JavaThread "C1 CompilerThread0" daemon [_thread_blocked, id=11420, stack(0x0000002dd3900000,0x0000002dd3a00000)]
  0x000001306dcb4800 JavaThread "Sweeper thread" daemon [_thread_blocked, id=2688, stack(0x0000002dd3a00000,0x0000002dd3b00000)]
  0x000001306de20800 JavaThread "Common-Cleaner" daemon [_thread_blocked, id=20392, stack(0x0000002dd3b00000,0x0000002dd3c00000)]
  0x000001306e6a3000 JavaThread "Daemon health stats" [_thread_blocked, id=7544, stack(0x0000002dd3e00000,0x0000002dd3f00000)]
  0x000001306df09800 JavaThread "Incoming local TCP Connector on port 2841" [_thread_in_native, id=22620, stack(0x0000002dd3d00000,0x0000002dd3e00000)]
  0x0000013070609800 JavaThread "Daemon periodic checks" [_thread_blocked, id=16304, stack(0x0000002dd4400000,0x0000002dd4500000)]
  0x0000013070015800 JavaThread "Daemon" [_thread_blocked, id=11296, stack(0x0000002dd4500000,0x0000002dd4600000)]
  0x00000130700e7000 JavaThread "Handler for socket connection from /127.0.0.1:2841 to /127.0.0.1:2842" [_thread_in_native, id=1716, stack(0x0000002dd4600000,0x0000002dd4700000)]
  0x000001306f0ea000 JavaThread "Cancel handler" [_thread_blocked, id=23564, stack(0x0000002dd4700000,0x0000002dd4800000)]
  0x000001306fd54800 JavaThread "Daemon worker" [_thread_in_native, id=744, stack(0x0000002dd4800000,0x0000002dd4900000)]
  0x000001306fb51800 JavaThread "Asynchronous log dispatcher for DefaultDaemonConnection: socket connection from /127.0.0.1:2841 to /127.0.0.1:2842" [_thread_blocked, id=18336, stack(0x0000002dd4900000,0x0000002dd4a00000)]
  0x000001306fb52000 JavaThread "Stdin handler" [_thread_blocked, id=10492, stack(0x0000002dd4a00000,0x0000002dd4b00000)]
  0x000001306fd4b800 JavaThread "Daemon client event forwarder" [_thread_blocked, id=18928, stack(0x0000002dd4b00000,0x0000002dd4c00000)]
  0x000001306fd4d800 JavaThread "Cache worker for journal cache (C:\Users\admin\.gradle\caches\journal-1)" [_thread_blocked, id=18408, stack(0x0000002dd4c00000,0x0000002dd4d00000)]
  0x000001306fd4a000 JavaThread "File lock request listener" [_thread_in_native, id=24520, stack(0x0000002dd4d00000,0x0000002dd4e00000)]
  0x000001306fd4c800 JavaThread "Cache worker for file hash cache (C:\Users\admin\.gradle\caches\7.2\fileHashes)" [_thread_blocked, id=18048, stack(0x0000002dd4e00000,0x0000002dd4f00000)]
  0x000001306fd48800 JavaThread "Cache worker for file hash cache (C:\Git_project\App\.gradle\7.2\fileHashes)" [_thread_blocked, id=20152, stack(0x0000002dd5300000,0x0000002dd5400000)]
  0x000001306fd4e000 JavaThread "File watcher server" daemon [_thread_in_native, id=17096, stack(0x0000002dd5400000,0x0000002dd5500000)]
  0x000001306fd4f000 JavaThread "File watcher consumer" daemon [_thread_blocked, id=22228, stack(0x0000002dd5500000,0x0000002dd5600000)]
  0x000001306fd4b000 JavaThread "Cache worker for checksums cache (C:\Git_project\App\.gradle\checksums)" [_thread_blocked, id=13628, stack(0x0000002dd5600000,0x0000002dd5700000)]
  0x000001306fd49800 JavaThread "Cache worker for cache directory md-supplier (C:\Users\admin\.gradle\caches\7.2\md-supplier)" [_thread_blocked, id=6968, stack(0x0000002dd5700000,0x0000002dd5800000)]
  0x00000130743bb800 JavaThread "Cache worker for cache directory md-rule (C:\Users\admin\.gradle\caches\7.2\md-rule)" [_thread_blocked, id=22992, stack(0x0000002dd5900000,0x0000002dd5a00000)]
  0x00000130743bc800 JavaThread "Cache worker for execution history cache (C:\Users\admin\.gradle\caches\7.2\executionHistory)" [_thread_blocked, id=17908, stack(0x0000002dd5a00000,0x0000002dd5b00000)]
  0x00000130743b8000 JavaThread "jar transforms" [_thread_blocked, id=1288, stack(0x0000002dd5b00000,0x0000002dd5c00000)]
  0x00000130743be000 JavaThread "Cache worker for file content cache (C:\Users\admin\.gradle\caches\7.2\fileContent)" [_thread_blocked, id=21024, stack(0x0000002dd5c00000,0x0000002dd5d00000)]
  0x00000130743b9000 JavaThread "jar transforms Thread 2" [_thread_blocked, id=7356, stack(0x0000002dd5d00000,0x0000002dd5e00000)]
  0x00000130743bf800 JavaThread "Cache worker for dependencies-accessors (C:\Git_project\App\.gradle\7.2\dependencies-accessors)" [_thread_blocked, id=14384, stack(0x0000002dd5e00000,0x0000002dd5f00000)]
  0x00000130743c0800 JavaThread "jar transforms Thread 3" [_thread_blocked, id=3200, stack(0x0000002dd5f00000,0x0000002dd6000000)]
  0x00000130743ba800 JavaThread "Cache worker for Build Output Cleanup Cache (C:\Git_project\App\.gradle\buildOutputCleanup)" [_thread_blocked, id=14320, stack(0x0000002dd6000000,0x0000002dd6100000)]
  0x00000130743c2000 JavaThread "Unconstrained build operations" [_thread_blocked, id=23056, stack(0x0000002dd6100000,0x0000002dd6200000)]
  0x00000130743c3800 JavaThread "Unconstrained build operations Thread 2" [_thread_blocked, id=18952, stack(0x0000002dd6200000,0x0000002dd6300000)]
  0x00000130743c5800 JavaThread "Unconstrained build operations Thread 3" [_thread_blocked, id=10608, stack(0x0000002dd6300000,0x0000002dd6400000)]
  0x00000130743c4800 JavaThread "Unconstrained build operations Thread 4" [_thread_blocked, id=14776, stack(0x0000002dd6400000,0x0000002dd6500000)]
  0x00000130743c6000 JavaThread "Unconstrained build operations Thread 5" [_thread_blocked, id=2836, stack(0x0000002dd6500000,0x0000002dd6600000)]
  0x00000130743c3000 JavaThread "Unconstrained build operations Thread 6" [_thread_blocked, id=18112, stack(0x0000002dd6600000,0x0000002dd6700000)]
  0x00000130743c1000 JavaThread "Unconstrained build operations Thread 7" [_thread_blocked, id=9644, stack(0x0000002dd6700000,0x0000002dd6800000)]
  0x00000130743c7000 JavaThread "Unconstrained build operations Thread 8" [_thread_blocked, id=12612, stack(0x0000002dd6800000,0x0000002dd6900000)]
  0x000001307023b000 JavaThread "Unconstrained build operations Thread 9" [_thread_blocked, id=15980, stack(0x0000002dd6900000,0x0000002dd6a00000)]
  0x0000013070237800 JavaThread "Unconstrained build operations Thread 10" [_thread_blocked, id=23296, stack(0x0000002dd6a00000,0x0000002dd6b00000)]
  0x0000013070238800 JavaThread "Unconstrained build operations Thread 11" [_thread_blocked, id=19528, stack(0x0000002dd6b00000,0x0000002dd6c00000)]
  0x0000013070239800 JavaThread "Unconstrained build operations Thread 12" [_thread_blocked, id=9952, stack(0x0000002dd6c00000,0x0000002dd6d00000)]
  0x000001307023a000 JavaThread "Unconstrained build operations Thread 13" [_thread_blocked, id=21720, stack(0x0000002dd6d00000,0x0000002dd6e00000)]
  0x0000013070235800 JavaThread "Unconstrained build operations Thread 14" [_thread_blocked, id=18752, stack(0x0000002dd6e00000,0x0000002dd6f00000)]
  0x0000013070237000 JavaThread "Unconstrained build operations Thread 15" [_thread_blocked, id=18964, stack(0x0000002dd6f00000,0x0000002dd7000000)]
  0x000001307023c000 JavaThread "Unconstrained build operations Thread 16" [_thread_blocked, id=19976, stack(0x0000002dd7000000,0x0000002dd7100000)]
  0x0000013070236000 JavaThread "Unconstrained build operations Thread 17" [_thread_blocked, id=19812, stack(0x0000002dd7100000,0x0000002dd7200000)]
  0x0000013070240800 JavaThread "Unconstrained build operations Thread 18" [_thread_blocked, id=24208, stack(0x0000002dd7200000,0x0000002dd7300000)]
  0x000001307023c800 JavaThread "Unconstrained build operations Thread 19" [_thread_blocked, id=22456, stack(0x0000002dd7300000,0x0000002dd7400000)]
  0x000001307023d800 JavaThread "Unconstrained build operations Thread 20" [_thread_blocked, id=11340, stack(0x0000002dd7400000,0x0000002dd7500000)]
  0x0000013070241800 JavaThread "Unconstrained build operations Thread 21" [_thread_blocked, id=21452, stack(0x0000002dd7500000,0x0000002dd7600000)]
  0x0000013070243000 JavaThread "Unconstrained build operations Thread 22" [_thread_blocked, id=1092, stack(0x0000002dd7600000,0x0000002dd7700000)]
  0x0000013070242800 JavaThread "Unconstrained build operations Thread 23" [_thread_blocked, id=6440, stack(0x0000002dd7700000,0x0000002dd7800000)]
  0x0000013070244000 JavaThread "Unconstrained build operations Thread 24" [_thread_blocked, id=3924, stack(0x0000002dd7800000,0x0000002dd7900000)]
  0x0000013070240000 JavaThread "Unconstrained build operations Thread 25" [_thread_blocked, id=15700, stack(0x0000002dd7900000,0x0000002dd7a00000)]
  0x000001307023e800 JavaThread "Unconstrained build operations Thread 26" [_thread_blocked, id=15928, stack(0x0000002dd7a00000,0x0000002dd7b00000)]
  0x000001307023f000 JavaThread "Unconstrained build operations Thread 27" [_thread_blocked, id=12116, stack(0x0000002dd7b00000,0x0000002dd7c00000)]
  0x000001307447f800 JavaThread "Unconstrained build operations Thread 28" [_thread_blocked, id=4252, stack(0x0000002dd7c00000,0x0000002dd7d00000)]
  0x0000013074481000 JavaThread "Unconstrained build operations Thread 29" [_thread_blocked, id=12060, stack(0x0000002dd7d00000,0x0000002dd7e00000)]
  0x0000013074480800 JavaThread "Unconstrained build operations Thread 30" [_thread_blocked, id=23380, stack(0x0000002dd7e00000,0x0000002dd7f00000)]
  0x000001307447e000 JavaThread "Unconstrained build operations Thread 31" [_thread_blocked, id=21112, stack(0x0000002dd7f00000,0x0000002dd8000000)]
  0x0000013074482000 JavaThread "Unconstrained build operations Thread 32" [_thread_blocked, id=3968, stack(0x0000002dd8000000,0x0000002dd8100000)]
  0x000001307447c000 JavaThread "Unconstrained build operations Thread 33" [_thread_blocked, id=17228, stack(0x0000002dd8100000,0x0000002dd8200000)]
  0x000001307447e800 JavaThread "Unconstrained build operations Thread 34" [_thread_blocked, id=23716, stack(0x0000002dd8200000,0x0000002dd8300000)]
  0x0000013074482800 JavaThread "Unconstrained build operations Thread 35" [_thread_blocked, id=10584, stack(0x0000002dd8300000,0x0000002dd8400000)]
  0x000001307447d000 JavaThread "Unconstrained build operations Thread 36" [_thread_blocked, id=20076, stack(0x0000002dd8400000,0x0000002dd8500000)]
  0x0000013073cca000 JavaThread "Unconstrained build operations Thread 37" [_thread_blocked, id=9692, stack(0x0000002dd8500000,0x0000002dd8600000)]
  0x0000013073ccd800 JavaThread "Unconstrained build operations Thread 38" [_thread_blocked, id=2496, stack(0x0000002dd8600000,0x0000002dd8700000)]
  0x0000013073ccb800 JavaThread "Unconstrained build operations Thread 39" [_thread_blocked, id=7620, stack(0x0000002dd8700000,0x0000002dd8800000)]
  0x0000013073cc7800 JavaThread "Unconstrained build operations Thread 40" [_thread_blocked, id=376, stack(0x0000002dd8800000,0x0000002dd8900000)]
  0x0000013073cce000 JavaThread "Unconstrained build operations Thread 41" [_thread_blocked, id=10052, stack(0x0000002dd8900000,0x0000002dd8a00000)]
  0x0000013073cc8800 JavaThread "Unconstrained build operations Thread 42" [_thread_blocked, id=11232, stack(0x0000002dd8a00000,0x0000002dd8b00000)]
  0x0000013073ccb000 JavaThread "Unconstrained build operations Thread 43" [_thread_blocked, id=20280, stack(0x0000002dd8b00000,0x0000002dd8c00000)]
  0x0000013073ccc800 JavaThread "Unconstrained build operations Thread 44" [_thread_blocked, id=14744, stack(0x0000002dd8c00000,0x0000002dd8d00000)]
  0x0000013073cc9800 JavaThread "Unconstrained build operations Thread 45" [_thread_blocked, id=20644, stack(0x0000002dd8d00000,0x0000002dd8e00000)]
  0x0000013073a43800 JavaThread "Unconstrained build operations Thread 46" [_thread_blocked, id=23540, stack(0x0000002dd8e00000,0x0000002dd8f00000)]
  0x0000013073a45000 JavaThread "Unconstrained build operations Thread 47" [_thread_blocked, id=17104, stack(0x0000002dd8f00000,0x0000002dd9000000)]
  0x0000013073a42800 JavaThread "Unconstrained build operations Thread 48" [_thread_blocked, id=17784, stack(0x0000002dd9000000,0x0000002dd9100000)]
  0x0000013073a44000 JavaThread "Unconstrained build operations Thread 49" [_thread_blocked, id=19952, stack(0x0000002dd9100000,0x0000002dd9200000)]
  0x0000013073a46000 JavaThread "Unconstrained build operations Thread 50" [_thread_blocked, id=19968, stack(0x0000002dd9200000,0x0000002dd9300000)]
  0x0000013073a46800 JavaThread "Unconstrained build operations Thread 51" [_thread_blocked, id=15596, stack(0x0000002dd9300000,0x0000002dd9400000)]
  0x0000013073a47800 JavaThread "Unconstrained build operations Thread 52" [_thread_blocked, id=13368, stack(0x0000002dd9400000,0x0000002dd9500000)]
  0x0000013073a42000 JavaThread "Unconstrained build operations Thread 53" [_thread_blocked, id=15516, stack(0x0000002dd9500000,0x0000002dd9600000)]
  0x0000013073a4c800 JavaThread "Unconstrained build operations Thread 54" [_thread_blocked, id=18636, stack(0x0000002dd9600000,0x0000002dd9700000)]
  0x0000013073a4d000 JavaThread "Unconstrained build operations Thread 55" [_thread_blocked, id=20336, stack(0x0000002dd9700000,0x0000002dd9800000)]
  0x0000013073a4e000 JavaThread "Unconstrained build operations Thread 56" [_thread_blocked, id=13676, stack(0x0000002dd9800000,0x0000002dd9900000)]
  0x0000013073a4a000 JavaThread "Unconstrained build operations Thread 57" [_thread_blocked, id=23808, stack(0x0000002dd9900000,0x0000002dd9a00000)]
  0x0000013073a49000 JavaThread "Unconstrained build operations Thread 58" [_thread_blocked, id=15000, stack(0x0000002dd9a00000,0x0000002dd9b00000)]
  0x0000013073a4b800 JavaThread "Unconstrained build operations Thread 59" [_thread_blocked, id=3164, stack(0x0000002dd9b00000,0x0000002dd9c00000)]
  0x0000013073a48800 JavaThread "Unconstrained build operations Thread 60" [_thread_blocked, id=4984, stack(0x0000002dd9c00000,0x0000002dd9d00000)]
  0x0000013073a4f000 JavaThread "Unconstrained build operations Thread 61" [_thread_blocked, id=18424, stack(0x0000002dd9d00000,0x0000002dd9e00000)]
  0x0000013073a4a800 JavaThread "Unconstrained build operations Thread 62" [_thread_blocked, id=19784, stack(0x0000002dd9e00000,0x0000002dd9f00000)]
  0x0000013073a4f800 JavaThread "Unconstrained build operations Thread 63" [_thread_blocked, id=17704, stack(0x0000002dd9f00000,0x0000002dda000000)]
  0x0000013073a50800 JavaThread "Unconstrained build operations Thread 64" [_thread_blocked, id=18648, stack(0x0000002dda000000,0x0000002dda100000)]
  0x00000130746b6800 JavaThread "Unconstrained build operations Thread 65" [_thread_blocked, id=19864, stack(0x0000002dda100000,0x0000002dda200000)]
  0x00000130746b7800 JavaThread "Unconstrained build operations Thread 66" [_thread_blocked, id=468, stack(0x0000002dda200000,0x0000002dda300000)]
  0x00000130746b3000 JavaThread "Unconstrained build operations Thread 67" [_thread_blocked, id=19832, stack(0x0000002dda300000,0x0000002dda400000)]
  0x00000130746b5000 JavaThread "Unconstrained build operations Thread 68" [_thread_blocked, id=8140, stack(0x0000002dda400000,0x0000002dda500000)]
  0x00000130746b1800 JavaThread "Unconstrained build operations Thread 69" [_thread_blocked, id=19584, stack(0x0000002dda500000,0x0000002dda600000)]
  0x00000130746b5800 JavaThread "Unconstrained build operations Thread 70" [_thread_blocked, id=9648, stack(0x0000002dda600000,0x0000002dda700000)]
  0x00000130746b8000 JavaThread "Unconstrained build operations Thread 71" [_thread_blocked, id=21804, stack(0x0000002dda700000,0x0000002dda800000)]
  0x00000130746b2800 JavaThread "Unconstrained build operations Thread 72" [_thread_blocked, id=15828, stack(0x0000002dda800000,0x0000002dda900000)]
  0x00000130746b9000 JavaThread "Unconstrained build operations Thread 73" [_thread_blocked, id=24352, stack(0x0000002dda900000,0x0000002ddaa00000)]
  0x00000130746ba000 JavaThread "Unconstrained build operations Thread 74" [_thread_blocked, id=11396, stack(0x0000002ddaa00000,0x0000002ddab00000)]
  0x00000130746b4000 JavaThread "Unconstrained build operations Thread 75" [_thread_blocked, id=7112, stack(0x0000002ddab00000,0x0000002ddac00000)]
  0x00000130746be000 JavaThread "Unconstrained build operations Thread 76" [_thread_blocked, id=23144, stack(0x0000002ddac00000,0x0000002ddad00000)]
  0x00000130746bc000 JavaThread "Unconstrained build operations Thread 77" [_thread_blocked, id=21240, stack(0x0000002ddad00000,0x0000002ddae00000)]
  0x00000130746bf800 JavaThread "Unconstrained build operations Thread 78" [_thread_blocked, id=5556, stack(0x0000002ddae00000,0x0000002ddaf00000)]
  0x00000130746bd000 JavaThread "Unconstrained build operations Thread 79" [_thread_blocked, id=2908, stack(0x0000002ddaf00000,0x0000002ddb000000)]
  0x00000130746be800 JavaThread "Unconstrained build operations Thread 80" [_thread_blocked, id=9972, stack(0x0000002ddb000000,0x0000002ddb100000)]
  0x00000130746bb800 JavaThread "jar transforms Thread 4" [_thread_blocked, id=10484, stack(0x0000002ddb100000,0x0000002ddb200000)]
  0x00000130746c0800 JavaThread "jar transforms Thread 5" [_thread_blocked, id=13812, stack(0x0000002ddb200000,0x0000002ddb300000)]
  0x00000130746ba800 JavaThread "jar transforms Thread 6" [_thread_blocked, id=19228, stack(0x0000002ddb300000,0x0000002ddb400000)]
  0x00000130719be000 JavaThread "jar transforms Thread 7" [_thread_blocked, id=8376, stack(0x0000002ddb400000,0x0000002ddb500000)]
  0x00000130719bf000 JavaThread "jar transforms Thread 8" [_thread_blocked, id=17840, stack(0x0000002ddb500000,0x0000002ddb600000)]
  0x00000130719bb800 JavaThread "Memory manager" [_thread_blocked, id=3128, stack(0x0000002dd5800000,0x0000002dd5900000)]
  0x00000130719bf800 JavaThread "build event listener" [_thread_blocked, id=8652, stack(0x0000002ddb700000,0x0000002ddb800000)]
  0x00000130719c0800 JavaThread "pool-3-thread-1" [_thread_blocked, id=6352, stack(0x0000002ddb800000,0x0000002ddb900000)]
  0x00000130719bb000 JavaThread "build event listener" [_thread_blocked, id=3152, stack(0x0000002ddb900000,0x0000002ddba00000)]
  0x00000130719bc800 JavaThread "Execution worker for ':'" [_thread_blocked, id=11668, stack(0x0000002ddba00000,0x0000002ddbb00000)]
  0x00000130719c1800 JavaThread "Execution worker for ':' Thread 2" [_thread_blocked, id=2468, stack(0x0000002ddbb00000,0x0000002ddbc00000)]
  0x00000130719c2000 JavaThread "Execution worker for ':' Thread 3" [_thread_blocked, id=23656, stack(0x0000002ddbc00000,0x0000002ddbd00000)]
  0x00000130719c3000 JavaThread "Execution worker for ':' Thread 4" [_thread_blocked, id=3916, stack(0x0000002ddbd00000,0x0000002ddbe00000)]
  0x00000130719bd800 JavaThread "Execution worker for ':' Thread 5" [_thread_blocked, id=2876, stack(0x0000002ddbe00000,0x0000002ddbf00000)]
  0x00000130719c6800 JavaThread "Execution worker for ':' Thread 6" [_thread_blocked, id=21896, stack(0x0000002ddbf00000,0x0000002ddc000000)]
  0x00000130719c4000 JavaThread "Execution worker for ':' Thread 7" [_thread_blocked, id=13988, stack(0x0000002ddc000000,0x0000002ddc100000)]
  0x00000130719c8000 JavaThread "Cache worker for execution history cache (C:\Git_project\App\.gradle\7.2\executionHistory)" [_thread_blocked, id=23932, stack(0x0000002ddc100000,0x0000002ddc200000)]
  0x00000130719c5800 JavaThread "WorkerExecutor Queue" [_thread_blocked, id=16388, stack(0x0000002ddc200000,0x0000002ddc300000)]
  0x00000130719c7000 JavaThread "WorkerExecutor Queue Thread 2" [_thread_blocked, id=6948, stack(0x0000002ddc300000,0x0000002ddc400000)]
  0x00000130719c4800 JavaThread "WorkerExecutor Queue Thread 3" [_thread_blocked, id=24200, stack(0x0000002ddc900000,0x0000002ddca00000)]
=>0x000001306e776000 JavaThread "C2 CompilerThread1" daemon [_thread_in_native, id=2068, stack(0x0000002dd5200000,0x0000002dd5300000)]
  0x00000130792ca000 JavaThread "C2 CompilerThread2" daemon [_thread_in_native, id=684, stack(0x0000002ddb600000,0x0000002ddb700000)]

Other Threads:
  0x000001306dc2d000 VMThread "VM Thread" [stack: 0x0000002dd3200000,0x0000002dd3300000] [id=17592]
  0x000001306de22800 WatcherThread [stack: 0x0000002dd3c00000,0x0000002dd3d00000] [id=8528]
  0x0000013052f25000 GCTaskThread "GC Thread#0" [stack: 0x0000002dd2d00000,0x0000002dd2e00000] [id=3104]
  0x000001306f2b9800 GCTaskThread "GC Thread#1" [stack: 0x0000002dd3f00000,0x0000002dd4000000] [id=2756]
  0x000001306f388000 GCTaskThread "GC Thread#2" [stack: 0x0000002dd4000000,0x0000002dd4100000] [id=1848]
  0x000001306e4e7800 GCTaskThread "GC Thread#3" [stack: 0x0000002dd4100000,0x0000002dd4200000] [id=10472]
  0x000001306ea3b000 GCTaskThread "GC Thread#4" [stack: 0x0000002dd4200000,0x0000002dd4300000] [id=23824]
  0x000001306eade800 GCTaskThread "GC Thread#5" [stack: 0x0000002dd4300000,0x0000002dd4400000] [id=18924]
  0x000001306eadf000 GCTaskThread "GC Thread#6" [stack: 0x0000002dd4f00000,0x0000002dd5000000] [id=380]
  0x000001306eae0800 GCTaskThread "GC Thread#7" [stack: 0x0000002dd5000000,0x0000002dd5100000] [id=21264]
  0x0000013052f56000 ConcurrentGCThread "G1 Main Marker" [stack: 0x0000002dd2e00000,0x0000002dd2f00000] [id=2936]
  0x0000013052f58800 ConcurrentGCThread "G1 Conc#0" [stack: 0x0000002dd2f00000,0x0000002dd3000000] [id=5720]
  0x000001306eae0000 ConcurrentGCThread "G1 Conc#1" [stack: 0x0000002dd5100000,0x0000002dd5200000] [id=15472]
  0x0000013052fee000 ConcurrentGCThread "G1 Refine#0" [stack: 0x0000002dd3000000,0x0000002dd3100000] [id=14076]
  0x0000013071ac4000 ConcurrentGCThread "G1 Refine#1" [stack: 0x0000002ddc400000,0x0000002ddc500000] [id=8408]
  0x0000013071978800 ConcurrentGCThread "G1 Refine#2" [stack: 0x0000002ddc500000,0x0000002ddc600000] [id=24028]
  0x00000130734af800 ConcurrentGCThread "G1 Refine#3" [stack: 0x0000002ddc600000,0x0000002ddc700000] [id=528]
  0x0000013075008000 ConcurrentGCThread "G1 Refine#4" [stack: 0x0000002ddc700000,0x0000002ddc800000] [id=9328]
  0x0000013079395000 ConcurrentGCThread "G1 Refine#5" [stack: 0x0000002ddc800000,0x0000002ddc900000] [id=23456]
  0x000001306d277800 ConcurrentGCThread "G1 Young RemSet Sampling" [stack: 0x0000002dd3100000,0x0000002dd3200000] [id=19640]

Threads with active compile tasks:
C2 CompilerThread0  21536 12011   !   4       org.apache.xerces.impl.XMLDocumentFragmentScannerImpl$FragmentContentDispatcher::dispatch (1128 bytes)
C2 CompilerThread1  21536 12075       4       org.antlr.v4.runtime.BufferedTokenStream::sync (55 bytes)
C2 CompilerThread2  21536 12133       4       java.lang.String::replace (149 bytes)

VM state:not at safepoint (normal execution)

VM Mutex/Monitor currently owned by a thread: None

Heap address: 0x0000000080000000, size: 2048 MB, Compressed Oops mode: 32-bit
Narrow klass base: 0x0000000000000000, Narrow klass shift: 3
Compressed class space size: 1073741824 Address: 0x0000000100000000

Heap:
 garbage-first heap   total 258048K, used 188262K [0x0000000080000000, 0x0000000100000000)
  region size 1024K, 87 young (89088K), 14 survivors (14336K)
 Metaspace       used 91675K, capacity 94012K, committed 94116K, reserved 1130496K
  class space    used 11680K, capacity 12560K, committed 12620K, reserved 1048576K
Heap Regions: E=young(eden), S=young(survivor), O=old, HS=humongous(starts), HC=humongous(continues), CS=collection set, F=free, A=archive, TAMS=top-at-mark-start (previous, next)
|   0|0x0000000080000000, 0x0000000080100000, 0x0000000080100000|100%| O|  |TAMS 0x0000000080100000, 0x0000000080000000| Untracked 
|   1|0x0000000080100000, 0x0000000080200000, 0x0000000080200000|100%| O|  |TAMS 0x0000000080200000, 0x0000000080100000| Untracked 
|   2|0x0000000080200000, 0x0000000080300000, 0x0000000080300000|100%| O|  |TAMS 0x0000000080300000, 0x0000000080200000| Untracked 
|   3|0x0000000080300000, 0x0000000080400000, 0x0000000080400000|100%|HS|  |TAMS 0x0000000080400000, 0x0000000080300000| Complete 
|   4|0x0000000080400000, 0x0000000080500000, 0x0000000080500000|100%|HC|  |TAMS 0x0000000080500000, 0x0000000080400000| Complete 
|   5|0x0000000080500000, 0x0000000080600000, 0x0000000080600000|100%|HC|  |TAMS 0x0000000080600000, 0x0000000080500000| Complete 
|   6|0x0000000080600000, 0x0000000080700000, 0x0000000080700000|100%| O|  |TAMS 0x0000000080700000, 0x0000000080600000| Untracked 
|   7|0x0000000080700000, 0x0000000080800000, 0x0000000080800000|100%| O|  |TAMS 0x0000000080800000, 0x0000000080700000| Untracked 
|   8|0x0000000080800000, 0x0000000080900000, 0x0000000080900000|100%| O|  |TAMS 0x0000000080900000, 0x0000000080800000| Untracked 
|   9|0x0000000080900000, 0x0000000080a00000, 0x0000000080a00000|100%| O|  |TAMS 0x0000000080a00000, 0x0000000080900000| Untracked 
|  10|0x0000000080a00000, 0x0000000080b00000, 0x0000000080b00000|100%| O|  |TAMS 0x0000000080b00000, 0x0000000080a00000| Untracked 
|  11|0x0000000080b00000, 0x0000000080c00000, 0x0000000080c00000|100%| O|  |TAMS 0x0000000080c00000, 0x0000000080b00000| Untracked 
|  12|0x0000000080c00000, 0x0000000080d00000, 0x0000000080d00000|100%| O|  |TAMS 0x0000000080d00000, 0x0000000080c00000| Untracked 
|  13|0x0000000080d00000, 0x0000000080e00000, 0x0000000080e00000|100%| O|  |TAMS 0x0000000080e00000, 0x0000000080d00000| Untracked 
|  14|0x0000000080e00000, 0x0000000080f00000, 0x0000000080f00000|100%| O|  |TAMS 0x0000000080f00000, 0x0000000080e00000| Untracked 
|  15|0x0000000080f00000, 0x0000000081000000, 0x0000000081000000|100%| O|  |TAMS 0x0000000081000000, 0x0000000080f00000| Untracked 
|  16|0x0000000081000000, 0x0000000081100000, 0x0000000081100000|100%| O|  |TAMS 0x0000000081100000, 0x0000000081000000| Untracked 
|  17|0x0000000081100000, 0x0000000081200000, 0x0000000081200000|100%|HS|  |TAMS 0x0000000081200000, 0x0000000081100000| Complete 
|  18|0x0000000081200000, 0x0000000081300000, 0x0000000081300000|100%|HS|  |TAMS 0x0000000081300000, 0x0000000081200000| Complete 
|  19|0x0000000081300000, 0x0000000081400000, 0x0000000081400000|100%|HS|  |TAMS 0x0000000081400000, 0x0000000081300000| Complete 
|  20|0x0000000081400000, 0x0000000081500000, 0x0000000081500000|100%|HS|  |TAMS 0x0000000081500000, 0x0000000081400000| Complete 
|  21|0x0000000081500000, 0x0000000081600000, 0x0000000081600000|100%|HS|  |TAMS 0x0000000081600000, 0x0000000081500000| Complete 
|  22|0x0000000081600000, 0x0000000081700000, 0x0000000081700000|100%|HC|  |TAMS 0x0000000081700000, 0x0000000081600000| Complete 
|  23|0x0000000081700000, 0x0000000081800000, 0x0000000081800000|100%|HC|  |TAMS 0x0000000081800000, 0x0000000081700000| Complete 
|  24|0x0000000081800000, 0x0000000081900000, 0x0000000081900000|100%|HS|  |TAMS 0x0000000081900000, 0x0000000081800000| Complete 
|  25|0x0000000081900000, 0x0000000081a00000, 0x0000000081a00000|100%|HC|  |TAMS 0x0000000081a00000, 0x0000000081900000| Complete 
|  26|0x0000000081a00000, 0x0000000081b00000, 0x0000000081b00000|100%| O|  |TAMS 0x0000000081b00000, 0x0000000081a00000| Untracked 
|  27|0x0000000081b00000, 0x0000000081c00000, 0x0000000081c00000|100%| O|  |TAMS 0x0000000081c00000, 0x0000000081b00000| Untracked 
|  28|0x0000000081c00000, 0x0000000081d00000, 0x0000000081d00000|100%| O|  |TAMS 0x0000000081d00000, 0x0000000081c00000| Untracked 
|  29|0x0000000081d00000, 0x0000000081e00000, 0x0000000081e00000|100%| O|  |TAMS 0x0000000081e00000, 0x0000000081d00000| Untracked 
|  30|0x0000000081e00000, 0x0000000081f00000, 0x0000000081f00000|100%| O|  |TAMS 0x0000000081f00000, 0x0000000081e00000| Untracked 
|  31|0x0000000081f00000, 0x0000000082000000, 0x0000000082000000|100%| O|  |TAMS 0x0000000082000000, 0x0000000081f00000| Untracked 
|  32|0x0000000082000000, 0x0000000082100000, 0x0000000082100000|100%| O|  |TAMS 0x0000000082100000, 0x0000000082000000| Untracked 
|  33|0x0000000082100000, 0x0000000082200000, 0x0000000082200000|100%| O|  |TAMS 0x0000000082200000, 0x0000000082100000| Untracked 
|  34|0x0000000082200000, 0x0000000082300000, 0x0000000082300000|100%| O|  |TAMS 0x0000000082300000, 0x0000000082200000| Untracked 
|  35|0x0000000082300000, 0x0000000082400000, 0x0000000082400000|100%| O|  |TAMS 0x0000000082400000, 0x0000000082300000| Untracked 
|  36|0x0000000082400000, 0x0000000082500000, 0x0000000082500000|100%| O|  |TAMS 0x0000000082500000, 0x0000000082400000| Untracked 
|  37|0x0000000082500000, 0x0000000082600000, 0x0000000082600000|100%| O|  |TAMS 0x0000000082600000, 0x0000000082500000| Untracked 
|  38|0x0000000082600000, 0x0000000082700000, 0x0000000082700000|100%| O|  |TAMS 0x0000000082700000, 0x0000000082600000| Untracked 
|  39|0x0000000082700000, 0x0000000082800000, 0x0000000082800000|100%| O|  |TAMS 0x0000000082800000, 0x0000000082700000| Untracked 
|  40|0x0000000082800000, 0x0000000082900000, 0x0000000082900000|100%| O|  |TAMS 0x0000000082900000, 0x0000000082800000| Untracked 
|  41|0x0000000082900000, 0x0000000082a00000, 0x0000000082a00000|100%| O|  |TAMS 0x0000000082a00000, 0x0000000082900000| Untracked 
|  42|0x0000000082a00000, 0x0000000082b00000, 0x0000000082b00000|100%| O|  |TAMS 0x0000000082b00000, 0x0000000082a00000| Untracked 
|  43|0x0000000082b00000, 0x0000000082c00000, 0x0000000082c00000|100%| O|  |TAMS 0x0000000082c00000, 0x0000000082b00000| Untracked 
|  44|0x0000000082c00000, 0x0000000082d00000, 0x0000000082d00000|100%| O|  |TAMS 0x0000000082d00000, 0x0000000082c00000| Untracked 
|  45|0x0000000082d00000, 0x0000000082e00000, 0x0000000082e00000|100%| O|  |TAMS 0x0000000082e00000, 0x0000000082d00000| Untracked 
|  46|0x0000000082e00000, 0x0000000082f00000, 0x0000000082f00000|100%| O|  |TAMS 0x0000000082f00000, 0x0000000082e00000| Untracked 
|  47|0x0000000082f00000, 0x0000000083000000, 0x0000000083000000|100%| O|  |TAMS 0x0000000083000000, 0x0000000082f00000| Untracked 
|  48|0x0000000083000000, 0x0000000083100000, 0x0000000083100000|100%| O|  |TAMS 0x0000000083100000, 0x0000000083000000| Untracked 
|  49|0x0000000083100000, 0x0000000083200000, 0x0000000083200000|100%| O|  |TAMS 0x000000008319e400, 0x0000000083100000| Untracked 
|  50|0x0000000083200000, 0x0000000083300000, 0x0000000083300000|100%| O|  |TAMS 0x0000000083200000, 0x0000000083200000| Untracked 
|  51|0x0000000083300000, 0x0000000083400000, 0x0000000083400000|100%| O|  |TAMS 0x0000000083300000, 0x0000000083300000| Untracked 
|  52|0x0000000083400000, 0x0000000083500000, 0x0000000083500000|100%| O|  |TAMS 0x0000000083400000, 0x0000000083400000| Untracked 
|  53|0x0000000083500000, 0x0000000083600000, 0x0000000083600000|100%| O|  |TAMS 0x0000000083500000, 0x0000000083500000| Untracked 
|  54|0x0000000083600000, 0x0000000083700000, 0x0000000083700000|100%| O|  |TAMS 0x0000000083600000, 0x0000000083600000| Untracked 
|  55|0x0000000083700000, 0x0000000083800000, 0x0000000083800000|100%| O|  |TAMS 0x0000000083700000, 0x0000000083700000| Untracked 
|  56|0x0000000083800000, 0x0000000083900000, 0x0000000083900000|100%| O|  |TAMS 0x0000000083800000, 0x0000000083800000| Untracked 
|  57|0x0000000083900000, 0x0000000083a00000, 0x0000000083a00000|100%| O|  |TAMS 0x0000000083900000, 0x0000000083900000| Untracked 
|  58|0x0000000083a00000, 0x0000000083b00000, 0x0000000083b00000|100%| O|  |TAMS 0x0000000083a00000, 0x0000000083a00000| Untracked 
|  59|0x0000000083b00000, 0x0000000083c00000, 0x0000000083c00000|100%| O|  |TAMS 0x0000000083b00000, 0x0000000083b00000| Untracked 
|  60|0x0000000083c00000, 0x0000000083d00000, 0x0000000083d00000|100%| O|  |TAMS 0x0000000083c00000, 0x0000000083c00000| Untracked 
|  61|0x0000000083d00000, 0x0000000083e00000, 0x0000000083e00000|100%| O|  |TAMS 0x0000000083d00000, 0x0000000083d00000| Untracked 
|  62|0x0000000083e00000, 0x0000000083f00000, 0x0000000083f00000|100%| O|  |TAMS 0x0000000083e00000, 0x0000000083e00000| Untracked 
|  63|0x0000000083f00000, 0x0000000084000000, 0x0000000084000000|100%| O|  |TAMS 0x0000000083f00000, 0x0000000083f00000| Untracked 
|  64|0x0000000084000000, 0x0000000084100000, 0x0000000084100000|100%| O|  |TAMS 0x0000000084000000, 0x0000000084000000| Untracked 
|  65|0x0000000084100000, 0x0000000084200000, 0x0000000084200000|100%| O|  |TAMS 0x0000000084100000, 0x0000000084100000| Untracked 
|  66|0x0000000084200000, 0x0000000084300000, 0x0000000084300000|100%| O|  |TAMS 0x0000000084200000, 0x0000000084200000| Untracked 
|  67|0x0000000084300000, 0x0000000084400000, 0x0000000084400000|100%| O|  |TAMS 0x0000000084300000, 0x0000000084300000| Untracked 
|  68|0x0000000084400000, 0x0000000084500000, 0x0000000084500000|100%| O|  |TAMS 0x0000000084400000, 0x0000000084400000| Untracked 
|  69|0x0000000084500000, 0x0000000084600000, 0x0000000084600000|100%| O|  |TAMS 0x0000000084500000, 0x0000000084500000| Untracked 
|  70|0x0000000084600000, 0x0000000084700000, 0x0000000084700000|100%| O|  |TAMS 0x0000000084600000, 0x0000000084600000| Untracked 
|  71|0x0000000084700000, 0x0000000084800000, 0x0000000084800000|100%| O|  |TAMS 0x0000000084700000, 0x0000000084700000| Untracked 
|  72|0x0000000084800000, 0x0000000084900000, 0x0000000084900000|100%| O|  |TAMS 0x0000000084800000, 0x0000000084800000| Untracked 
|  73|0x0000000084900000, 0x0000000084a00000, 0x0000000084a00000|100%| O|  |TAMS 0x0000000084900000, 0x0000000084900000| Untracked 
|  74|0x0000000084a00000, 0x0000000084b00000, 0x0000000084b00000|100%| O|  |TAMS 0x0000000084a00000, 0x0000000084a00000| Untracked 
|  75|0x0000000084b00000, 0x0000000084c00000, 0x0000000084c00000|100%| O|  |TAMS 0x0000000084b00000, 0x0000000084b00000| Untracked 
|  76|0x0000000084c00000, 0x0000000084d00000, 0x0000000084d00000|100%|HS|  |TAMS 0x0000000084c00000, 0x0000000084c00000| Complete 
|  77|0x0000000084d00000, 0x0000000084e00000, 0x0000000084e00000|100%|HS|  |TAMS 0x0000000084d00000, 0x0000000084d00000| Complete 
|  78|0x0000000084e00000, 0x0000000084f00000, 0x0000000084f00000|100%|HS|  |TAMS 0x0000000084e00000, 0x0000000084e00000| Complete 
|  79|0x0000000084f00000, 0x0000000085000000, 0x0000000085000000|100%| O|  |TAMS 0x0000000084f00000, 0x0000000084f00000| Untracked 
|  80|0x0000000085000000, 0x0000000085100000, 0x0000000085100000|100%| O|  |TAMS 0x0000000085000000, 0x0000000085000000| Untracked 
|  81|0x0000000085100000, 0x0000000085200000, 0x0000000085200000|100%| O|  |TAMS 0x0000000085100000, 0x0000000085100000| Untracked 
|  82|0x0000000085200000, 0x0000000085300000, 0x0000000085300000|100%| O|  |TAMS 0x0000000085200000, 0x0000000085200000| Untracked 
|  83|0x0000000085300000, 0x0000000085400000, 0x0000000085400000|100%| O|  |TAMS 0x0000000085300000, 0x0000000085300000| Untracked 
|  84|0x0000000085400000, 0x0000000085500000, 0x0000000085500000|100%| O|  |TAMS 0x0000000085400000, 0x0000000085400000| Untracked 
|  85|0x0000000085500000, 0x0000000085600000, 0x0000000085600000|100%| O|  |TAMS 0x0000000085500000, 0x0000000085500000| Untracked 
|  86|0x0000000085600000, 0x0000000085700000, 0x0000000085700000|100%| O|  |TAMS 0x0000000085600000, 0x0000000085600000| Untracked 
|  87|0x0000000085700000, 0x0000000085800000, 0x0000000085800000|100%| O|  |TAMS 0x0000000085700000, 0x0000000085700000| Untracked 
|  88|0x0000000085800000, 0x0000000085900000, 0x0000000085900000|100%| O|  |TAMS 0x0000000085800000, 0x0000000085800000| Untracked 
|  89|0x0000000085900000, 0x0000000085a00000, 0x0000000085a00000|100%| O|  |TAMS 0x0000000085900000, 0x0000000085900000| Untracked 
|  90|0x0000000085a00000, 0x0000000085b00000, 0x0000000085b00000|100%| O|  |TAMS 0x0000000085a00000, 0x0000000085a00000| Untracked 
|  91|0x0000000085b00000, 0x0000000085c00000, 0x0000000085c00000|100%| O|  |TAMS 0x0000000085b00000, 0x0000000085b00000| Untracked 
|  92|0x0000000085c00000, 0x0000000085cd9800, 0x0000000085d00000| 84%| O|  |TAMS 0x0000000085c00000, 0x0000000085c00000| Untracked 
|  93|0x0000000085d00000, 0x0000000085e00000, 0x0000000085e00000|100%|HS|  |TAMS 0x0000000085d00000, 0x0000000085d00000| Complete 
|  94|0x0000000085e00000, 0x0000000085f00000, 0x0000000085f00000|100%|HC|  |TAMS 0x0000000085e00000, 0x0000000085e00000| Complete 
|  95|0x0000000085f00000, 0x0000000086000000, 0x0000000086000000|100%|HS|  |TAMS 0x0000000085f00000, 0x0000000085f00000| Complete 
|  96|0x0000000086000000, 0x0000000086100000, 0x0000000086100000|100%|HC|  |TAMS 0x0000000086000000, 0x0000000086000000| Complete 
|  97|0x0000000086100000, 0x0000000086200000, 0x0000000086200000|100%|HS|  |TAMS 0x0000000086100000, 0x0000000086100000| Complete 
|  98|0x0000000086200000, 0x0000000086300000, 0x0000000086300000|100%|HC|  |TAMS 0x0000000086200000, 0x0000000086200000| Complete 
|  99|0x0000000086300000, 0x0000000086300000, 0x0000000086400000|  0%| F|  |TAMS 0x0000000086300000, 0x0000000086300000| Untracked 
| 100|0x0000000086400000, 0x0000000086400000, 0x0000000086500000|  0%| F|  |TAMS 0x0000000086400000, 0x0000000086400000| Untracked 
| 101|0x0000000086500000, 0x0000000086500000, 0x0000000086600000|  0%| F|  |TAMS 0x0000000086500000, 0x0000000086500000| Untracked 
| 102|0x0000000086600000, 0x0000000086600000, 0x0000000086700000|  0%| F|  |TAMS 0x0000000086600000, 0x0000000086600000| Untracked 
| 103|0x0000000086700000, 0x0000000086700000, 0x0000000086800000|  0%| F|  |TAMS 0x0000000086700000, 0x0000000086700000| Untracked 
| 104|0x0000000086800000, 0x0000000086800000, 0x0000000086900000|  0%| F|  |TAMS 0x0000000086800000, 0x0000000086800000| Untracked 
| 105|0x0000000086900000, 0x0000000086900000, 0x0000000086a00000|  0%| F|  |TAMS 0x0000000086900000, 0x0000000086900000| Untracked 
| 106|0x0000000086a00000, 0x0000000086a00000, 0x0000000086b00000|  0%| F|  |TAMS 0x0000000086a00000, 0x0000000086a00000| Untracked 
| 107|0x0000000086b00000, 0x0000000086b00000, 0x0000000086c00000|  0%| F|  |TAMS 0x0000000086b00000, 0x0000000086b00000| Untracked 
| 108|0x0000000086c00000, 0x0000000086c00000, 0x0000000086d00000|  0%| F|  |TAMS 0x0000000086c00000, 0x0000000086c00000| Untracked 
| 109|0x0000000086d00000, 0x0000000086d00000, 0x0000000086e00000|  0%| F|  |TAMS 0x0000000086d00000, 0x0000000086d00000| Untracked 
| 110|0x0000000086e00000, 0x0000000086e00000, 0x0000000086f00000|  0%| F|  |TAMS 0x0000000086e00000, 0x0000000086e00000| Untracked 
| 111|0x0000000086f00000, 0x0000000086f00000, 0x0000000087000000|  0%| F|  |TAMS 0x0000000086f00000, 0x0000000086f00000| Untracked 
| 112|0x0000000087000000, 0x0000000087000000, 0x0000000087100000|  0%| F|  |TAMS 0x0000000087000000, 0x0000000087000000| Untracked 
| 113|0x0000000087100000, 0x0000000087100000, 0x0000000087200000|  0%| F|  |TAMS 0x0000000087100000, 0x0000000087100000| Untracked 
| 114|0x0000000087200000, 0x0000000087200000, 0x0000000087300000|  0%| F|  |TAMS 0x0000000087200000, 0x0000000087200000| Untracked 
| 115|0x0000000087300000, 0x0000000087300000, 0x0000000087400000|  0%| F|  |TAMS 0x0000000087300000, 0x0000000087300000| Untracked 
| 116|0x0000000087400000, 0x0000000087400000, 0x0000000087500000|  0%| F|  |TAMS 0x0000000087400000, 0x0000000087400000| Untracked 
| 117|0x0000000087500000, 0x0000000087500000, 0x0000000087600000|  0%| F|  |TAMS 0x0000000087500000, 0x0000000087500000| Untracked 
| 118|0x0000000087600000, 0x0000000087600000, 0x0000000087700000|  0%| F|  |TAMS 0x0000000087600000, 0x0000000087600000| Untracked 
| 119|0x0000000087700000, 0x0000000087700000, 0x0000000087800000|  0%| F|  |TAMS 0x0000000087700000, 0x0000000087700000| Untracked 
| 120|0x0000000087800000, 0x0000000087800000, 0x0000000087900000|  0%| F|  |TAMS 0x0000000087800000, 0x0000000087800000| Untracked 
| 121|0x0000000087900000, 0x0000000087900000, 0x0000000087a00000|  0%| F|  |TAMS 0x0000000087900000, 0x0000000087900000| Untracked 
| 122|0x0000000087a00000, 0x0000000087a00000, 0x0000000087b00000|  0%| F|  |TAMS 0x0000000087a00000, 0x0000000087a00000| Untracked 
| 123|0x0000000087b00000, 0x0000000087b00000, 0x0000000087c00000|  0%| F|  |TAMS 0x0000000087b00000, 0x0000000087b00000| Untracked 
| 124|0x0000000087c00000, 0x0000000087c00000, 0x0000000087d00000|  0%| F|  |TAMS 0x0000000087c00000, 0x0000000087c00000| Untracked 
| 125|0x0000000087d00000, 0x0000000087d00000, 0x0000000087e00000|  0%| F|  |TAMS 0x0000000087d00000, 0x0000000087d00000| Untracked 
| 126|0x0000000087e00000, 0x0000000087e00000, 0x0000000087f00000|  0%| F|  |TAMS 0x0000000087e00000, 0x0000000087e00000| Untracked 
| 127|0x0000000087f00000, 0x0000000088000000, 0x0000000088000000|100%| S|CS|TAMS 0x0000000087f00000, 0x0000000087f00000| Complete 
| 128|0x0000000088000000, 0x0000000088100000, 0x0000000088100000|100%| S|CS|TAMS 0x0000000088000000, 0x0000000088000000| Complete 
| 129|0x0000000088100000, 0x0000000088200000, 0x0000000088200000|100%| S|CS|TAMS 0x0000000088100000, 0x0000000088100000| Complete 
| 130|0x0000000088200000, 0x0000000088300000, 0x0000000088300000|100%| S|CS|TAMS 0x0000000088200000, 0x0000000088200000| Complete 
| 131|0x0000000088300000, 0x0000000088400000, 0x0000000088400000|100%| S|CS|TAMS 0x0000000088300000, 0x0000000088300000| Complete 
| 132|0x0000000088400000, 0x0000000088400000, 0x0000000088500000|  0%| F|  |TAMS 0x0000000088400000, 0x0000000088400000| Untracked 
| 133|0x0000000088500000, 0x0000000088500000, 0x0000000088600000|  0%| F|  |TAMS 0x0000000088500000, 0x0000000088500000| Untracked 
| 134|0x0000000088600000, 0x0000000088600000, 0x0000000088700000|  0%| F|  |TAMS 0x0000000088600000, 0x0000000088600000| Untracked 
| 135|0x0000000088700000, 0x0000000088700000, 0x0000000088800000|  0%| F|  |TAMS 0x0000000088700000, 0x0000000088700000| Untracked 
| 136|0x0000000088800000, 0x0000000088900000, 0x0000000088900000|100%| S|CS|TAMS 0x0000000088800000, 0x0000000088800000| Complete 
| 137|0x0000000088900000, 0x0000000088a00000, 0x0000000088a00000|100%| S|CS|TAMS 0x0000000088900000, 0x0000000088900000| Complete 
| 138|0x0000000088a00000, 0x0000000088b00000, 0x0000000088b00000|100%| S|CS|TAMS 0x0000000088a00000, 0x0000000088a00000| Complete 
| 139|0x0000000088b00000, 0x0000000088c00000, 0x0000000088c00000|100%| S|CS|TAMS 0x0000000088b00000, 0x0000000088b00000| Complete 
| 140|0x0000000088c00000, 0x0000000088d00000, 0x0000000088d00000|100%| S|CS|TAMS 0x0000000088c00000, 0x0000000088c00000| Complete 
| 141|0x0000000088d00000, 0x0000000088e00000, 0x0000000088e00000|100%| S|CS|TAMS 0x0000000088d00000, 0x0000000088d00000| Complete 
| 142|0x0000000088e00000, 0x0000000088f00000, 0x0000000088f00000|100%| S|CS|TAMS 0x0000000088e00000, 0x0000000088e00000| Complete 
| 143|0x0000000088f00000, 0x0000000089000000, 0x0000000089000000|100%| S|CS|TAMS 0x0000000088f00000, 0x0000000088f00000| Complete 
| 144|0x0000000089000000, 0x0000000089100000, 0x0000000089100000|100%| S|CS|TAMS 0x0000000089000000, 0x0000000089000000| Complete 
| 145|0x0000000089100000, 0x0000000089100000, 0x0000000089200000|  0%| F|  |TAMS 0x0000000089100000, 0x0000000089100000| Untracked 
| 146|0x0000000089200000, 0x0000000089200000, 0x0000000089300000|  0%| F|  |TAMS 0x0000000089200000, 0x0000000089200000| Untracked 
| 147|0x0000000089300000, 0x0000000089300000, 0x0000000089400000|  0%| F|  |TAMS 0x0000000089300000, 0x0000000089300000| Untracked 
| 148|0x0000000089400000, 0x0000000089400000, 0x0000000089500000|  0%| F|  |TAMS 0x0000000089400000, 0x0000000089400000| Untracked 
| 149|0x0000000089500000, 0x0000000089500000, 0x0000000089600000|  0%| F|  |TAMS 0x0000000089500000, 0x0000000089500000| Untracked 
| 150|0x0000000089600000, 0x0000000089600000, 0x0000000089700000|  0%| F|  |TAMS 0x0000000089600000, 0x0000000089600000| Untracked 
| 151|0x0000000089700000, 0x0000000089700000, 0x0000000089800000|  0%| F|  |TAMS 0x0000000089700000, 0x0000000089700000| Untracked 
| 152|0x0000000089800000, 0x0000000089800000, 0x0000000089900000|  0%| F|  |TAMS 0x0000000089800000, 0x0000000089800000| Untracked 
| 153|0x0000000089900000, 0x0000000089900000, 0x0000000089a00000|  0%| F|  |TAMS 0x0000000089900000, 0x0000000089900000| Untracked 
| 154|0x0000000089a00000, 0x0000000089a00000, 0x0000000089b00000|  0%| F|  |TAMS 0x0000000089a00000, 0x0000000089a00000| Untracked 
| 155|0x0000000089b00000, 0x0000000089b00000, 0x0000000089c00000|  0%| F|  |TAMS 0x0000000089b00000, 0x0000000089b00000| Untracked 
| 156|0x0000000089c00000, 0x0000000089c00000, 0x0000000089d00000|  0%| F|  |TAMS 0x0000000089c00000, 0x0000000089c00000| Untracked 
| 157|0x0000000089d00000, 0x0000000089d00000, 0x0000000089e00000|  0%| F|  |TAMS 0x0000000089d00000, 0x0000000089d00000| Untracked 
| 158|0x0000000089e00000, 0x0000000089e00000, 0x0000000089f00000|  0%| F|  |TAMS 0x0000000089e00000, 0x0000000089e00000| Untracked 
| 159|0x0000000089f00000, 0x0000000089f00000, 0x000000008a000000|  0%| F|  |TAMS 0x0000000089f00000, 0x0000000089f00000| Untracked 
| 160|0x000000008a000000, 0x000000008a000000, 0x000000008a100000|  0%| F|  |TAMS 0x000000008a000000, 0x000000008a000000| Untracked 
| 161|0x000000008a100000, 0x000000008a100000, 0x000000008a200000|  0%| F|  |TAMS 0x000000008a100000, 0x000000008a100000| Untracked 
| 162|0x000000008a200000, 0x000000008a200000, 0x000000008a300000|  0%| F|  |TAMS 0x000000008a200000, 0x000000008a200000| Untracked 
| 163|0x000000008a300000, 0x000000008a300000, 0x000000008a400000|  0%| F|  |TAMS 0x000000008a300000, 0x000000008a300000| Untracked 
| 164|0x000000008a400000, 0x000000008a400000, 0x000000008a500000|  0%| F|  |TAMS 0x000000008a400000, 0x000000008a400000| Untracked 
| 165|0x000000008a500000, 0x000000008a500000, 0x000000008a600000|  0%| F|  |TAMS 0x000000008a500000, 0x000000008a500000| Untracked 
| 166|0x000000008a600000, 0x000000008a600000, 0x000000008a700000|  0%| F|  |TAMS 0x000000008a600000, 0x000000008a600000| Untracked 
| 167|0x000000008a700000, 0x000000008a700000, 0x000000008a800000|  0%| F|  |TAMS 0x000000008a700000, 0x000000008a700000| Untracked 
| 168|0x000000008a800000, 0x000000008a800000, 0x000000008a900000|  0%| F|  |TAMS 0x000000008a800000, 0x000000008a800000| Untracked 
| 169|0x000000008a900000, 0x000000008a900000, 0x000000008aa00000|  0%| F|  |TAMS 0x000000008a900000, 0x000000008a900000| Untracked 
| 170|0x000000008aa00000, 0x000000008aa00000, 0x000000008ab00000|  0%| F|  |TAMS 0x000000008aa00000, 0x000000008aa00000| Untracked 
| 171|0x000000008ab00000, 0x000000008ab00000, 0x000000008ac00000|  0%| F|  |TAMS 0x000000008ab00000, 0x000000008ab00000| Untracked 
| 172|0x000000008ac00000, 0x000000008ac00000, 0x000000008ad00000|  0%| F|  |TAMS 0x000000008ac00000, 0x000000008ac00000| Untracked 
| 173|0x000000008ad00000, 0x000000008ad00000, 0x000000008ae00000|  0%| F|  |TAMS 0x000000008ad00000, 0x000000008ad00000| Untracked 
| 174|0x000000008ae00000, 0x000000008ae00000, 0x000000008af00000|  0%| F|  |TAMS 0x000000008ae00000, 0x000000008ae00000| Untracked 
| 175|0x000000008af00000, 0x000000008af00000, 0x000000008b000000|  0%| F|  |TAMS 0x000000008af00000, 0x000000008af00000| Untracked 
| 176|0x000000008b000000, 0x000000008b000000, 0x000000008b100000|  0%| F|  |TAMS 0x000000008b000000, 0x000000008b000000| Untracked 
| 177|0x000000008b100000, 0x000000008b100000, 0x000000008b200000|  0%| F|  |TAMS 0x000000008b100000, 0x000000008b100000| Untracked 
| 178|0x000000008b200000, 0x000000008b200000, 0x000000008b300000|  0%| F|  |TAMS 0x000000008b200000, 0x000000008b200000| Untracked 
| 179|0x000000008b300000, 0x000000008b380800, 0x000000008b400000| 50%| E|  |TAMS 0x000000008b300000, 0x000000008b300000| Complete 
| 180|0x000000008b400000, 0x000000008b500000, 0x000000008b500000|100%| E|CS|TAMS 0x000000008b400000, 0x000000008b400000| Complete 
| 181|0x000000008b500000, 0x000000008b600000, 0x000000008b600000|100%| E|CS|TAMS 0x000000008b500000, 0x000000008b500000| Complete 
| 182|0x000000008b600000, 0x000000008b700000, 0x000000008b700000|100%| E|CS|TAMS 0x000000008b600000, 0x000000008b600000| Complete 
| 183|0x000000008b700000, 0x000000008b800000, 0x000000008b800000|100%| E|CS|TAMS 0x000000008b700000, 0x000000008b700000| Complete 
| 184|0x000000008b800000, 0x000000008b900000, 0x000000008b900000|100%| E|CS|TAMS 0x000000008b800000, 0x000000008b800000| Complete 
| 185|0x000000008b900000, 0x000000008ba00000, 0x000000008ba00000|100%| E|CS|TAMS 0x000000008b900000, 0x000000008b900000| Complete 
| 186|0x000000008ba00000, 0x000000008bb00000, 0x000000008bb00000|100%| E|CS|TAMS 0x000000008ba00000, 0x000000008ba00000| Complete 
| 187|0x000000008bb00000, 0x000000008bc00000, 0x000000008bc00000|100%| E|CS|TAMS 0x000000008bb00000, 0x000000008bb00000| Complete 
| 188|0x000000008bc00000, 0x000000008bd00000, 0x000000008bd00000|100%| E|CS|TAMS 0x000000008bc00000, 0x000000008bc00000| Complete 
| 189|0x000000008bd00000, 0x000000008be00000, 0x000000008be00000|100%| E|CS|TAMS 0x000000008bd00000, 0x000000008bd00000| Complete 
| 190|0x000000008be00000, 0x000000008bf00000, 0x000000008bf00000|100%| E|CS|TAMS 0x000000008be00000, 0x000000008be00000| Complete 
| 191|0x000000008bf00000, 0x000000008c000000, 0x000000008c000000|100%| E|CS|TAMS 0x000000008bf00000, 0x000000008bf00000| Complete 
| 192|0x000000008c000000, 0x000000008c100000, 0x000000008c100000|100%| E|CS|TAMS 0x000000008c000000, 0x000000008c000000| Complete 
| 193|0x000000008c100000, 0x000000008c200000, 0x000000008c200000|100%| E|CS|TAMS 0x000000008c100000, 0x000000008c100000| Complete 
| 194|0x000000008c200000, 0x000000008c300000, 0x000000008c300000|100%| E|CS|TAMS 0x000000008c200000, 0x000000008c200000| Complete 
| 195|0x000000008c300000, 0x000000008c400000, 0x000000008c400000|100%| E|CS|TAMS 0x000000008c300000, 0x000000008c300000| Complete 
| 196|0x000000008c400000, 0x000000008c500000, 0x000000008c500000|100%| E|CS|TAMS 0x000000008c400000, 0x000000008c400000| Complete 
| 197|0x000000008c500000, 0x000000008c600000, 0x000000008c600000|100%| E|CS|TAMS 0x000000008c500000, 0x000000008c500000| Complete 
| 198|0x000000008c600000, 0x000000008c700000, 0x000000008c700000|100%| E|CS|TAMS 0x000000008c600000, 0x000000008c600000| Complete 
| 199|0x000000008c700000, 0x000000008c800000, 0x000000008c800000|100%| E|CS|TAMS 0x000000008c700000, 0x000000008c700000| Complete 
| 200|0x000000008c800000, 0x000000008c900000, 0x000000008c900000|100%| E|CS|TAMS 0x000000008c800000, 0x000000008c800000| Complete 
| 201|0x000000008c900000, 0x000000008ca00000, 0x000000008ca00000|100%| E|CS|TAMS 0x000000008c900000, 0x000000008c900000| Complete 
| 202|0x000000008ca00000, 0x000000008cb00000, 0x000000008cb00000|100%| E|CS|TAMS 0x000000008ca00000, 0x000000008ca00000| Complete 
| 203|0x000000008cb00000, 0x000000008cc00000, 0x000000008cc00000|100%| E|CS|TAMS 0x000000008cb00000, 0x000000008cb00000| Complete 
| 204|0x000000008cc00000, 0x000000008cd00000, 0x000000008cd00000|100%| E|CS|TAMS 0x000000008cc00000, 0x000000008cc00000| Complete 
| 205|0x000000008cd00000, 0x000000008ce00000, 0x000000008ce00000|100%| E|CS|TAMS 0x000000008cd00000, 0x000000008cd00000| Complete 
| 206|0x000000008ce00000, 0x000000008cf00000, 0x000000008cf00000|100%| E|CS|TAMS 0x000000008ce00000, 0x000000008ce00000| Complete 
| 207|0x000000008cf00000, 0x000000008d000000, 0x000000008d000000|100%| E|CS|TAMS 0x000000008cf00000, 0x000000008cf00000| Complete 
| 208|0x000000008d000000, 0x000000008d100000, 0x000000008d100000|100%| E|CS|TAMS 0x000000008d000000, 0x000000008d000000| Complete 
| 209|0x000000008d100000, 0x000000008d200000, 0x000000008d200000|100%| E|CS|TAMS 0x000000008d100000, 0x000000008d100000| Complete 
| 210|0x000000008d200000, 0x000000008d300000, 0x000000008d300000|100%| E|CS|TAMS 0x000000008d200000, 0x000000008d200000| Complete 
| 211|0x000000008d300000, 0x000000008d400000, 0x000000008d400000|100%| E|CS|TAMS 0x000000008d300000, 0x000000008d300000| Complete 
| 212|0x000000008d400000, 0x000000008d500000, 0x000000008d500000|100%| E|CS|TAMS 0x000000008d400000, 0x000000008d400000| Complete 
| 213|0x000000008d500000, 0x000000008d600000, 0x000000008d600000|100%| E|CS|TAMS 0x000000008d500000, 0x000000008d500000| Complete 
| 214|0x000000008d600000, 0x000000008d700000, 0x000000008d700000|100%| E|CS|TAMS 0x000000008d600000, 0x000000008d600000| Complete 
| 215|0x000000008d700000, 0x000000008d800000, 0x000000008d800000|100%| E|CS|TAMS 0x000000008d700000, 0x000000008d700000| Complete 
| 216|0x000000008d800000, 0x000000008d900000, 0x000000008d900000|100%| E|CS|TAMS 0x000000008d800000, 0x000000008d800000| Complete 
| 217|0x000000008d900000, 0x000000008da00000, 0x000000008da00000|100%| E|CS|TAMS 0x000000008d900000, 0x000000008d900000| Complete 
| 218|0x000000008da00000, 0x000000008db00000, 0x000000008db00000|100%| E|CS|TAMS 0x000000008da00000, 0x000000008da00000| Complete 
| 219|0x000000008db00000, 0x000000008dc00000, 0x000000008dc00000|100%| E|CS|TAMS 0x000000008db00000, 0x000000008db00000| Complete 
| 220|0x000000008dc00000, 0x000000008dd00000, 0x000000008dd00000|100%| E|CS|TAMS 0x000000008dc00000, 0x000000008dc00000| Complete 
| 221|0x000000008dd00000, 0x000000008de00000, 0x000000008de00000|100%| E|CS|TAMS 0x000000008dd00000, 0x000000008dd00000| Complete 
| 222|0x000000008de00000, 0x000000008df00000, 0x000000008df00000|100%| E|CS|TAMS 0x000000008de00000, 0x000000008de00000| Complete 
| 223|0x000000008df00000, 0x000000008e000000, 0x000000008e000000|100%| E|CS|TAMS 0x000000008df00000, 0x000000008df00000| Complete 
| 224|0x000000008e000000, 0x000000008e100000, 0x000000008e100000|100%| E|CS|TAMS 0x000000008e000000, 0x000000008e000000| Complete 
| 225|0x000000008e100000, 0x000000008e200000, 0x000000008e200000|100%| E|CS|TAMS 0x000000008e100000, 0x000000008e100000| Complete 
| 226|0x000000008e200000, 0x000000008e300000, 0x000000008e300000|100%| E|CS|TAMS 0x000000008e200000, 0x000000008e200000| Complete 
| 227|0x000000008e300000, 0x000000008e400000, 0x000000008e400000|100%| E|CS|TAMS 0x000000008e300000, 0x000000008e300000| Complete 
| 228|0x000000008e400000, 0x000000008e500000, 0x000000008e500000|100%| E|CS|TAMS 0x000000008e400000, 0x000000008e400000| Complete 
| 229|0x000000008e500000, 0x000000008e600000, 0x000000008e600000|100%| E|CS|TAMS 0x000000008e500000, 0x000000008e500000| Complete 
| 230|0x000000008e600000, 0x000000008e700000, 0x000000008e700000|100%| E|CS|TAMS 0x000000008e600000, 0x000000008e600000| Complete 
| 231|0x000000008e700000, 0x000000008e800000, 0x000000008e800000|100%| E|CS|TAMS 0x000000008e700000, 0x000000008e700000| Complete 
| 232|0x000000008e800000, 0x000000008e900000, 0x000000008e900000|100%| E|CS|TAMS 0x000000008e800000, 0x000000008e800000| Complete 
| 233|0x000000008e900000, 0x000000008ea00000, 0x000000008ea00000|100%| E|CS|TAMS 0x000000008e900000, 0x000000008e900000| Complete 
| 234|0x000000008ea00000, 0x000000008eb00000, 0x000000008eb00000|100%| E|CS|TAMS 0x000000008ea00000, 0x000000008ea00000| Complete 
| 235|0x000000008eb00000, 0x000000008ec00000, 0x000000008ec00000|100%| E|CS|TAMS 0x000000008eb00000, 0x000000008eb00000| Complete 
| 236|0x000000008ec00000, 0x000000008ed00000, 0x000000008ed00000|100%| E|CS|TAMS 0x000000008ec00000, 0x000000008ec00000| Complete 
| 237|0x000000008ed00000, 0x000000008ee00000, 0x000000008ee00000|100%| E|CS|TAMS 0x000000008ed00000, 0x000000008ed00000| Complete 
| 238|0x000000008ee00000, 0x000000008ef00000, 0x000000008ef00000|100%| E|CS|TAMS 0x000000008ee00000, 0x000000008ee00000| Complete 
| 239|0x000000008ef00000, 0x000000008f000000, 0x000000008f000000|100%| E|  |TAMS 0x000000008ef00000, 0x000000008ef00000| Complete 
| 240|0x000000008f000000, 0x000000008f100000, 0x000000008f100000|100%| E|CS|TAMS 0x000000008f000000, 0x000000008f000000| Complete 
| 241|0x000000008f100000, 0x000000008f200000, 0x000000008f200000|100%| E|CS|TAMS 0x000000008f100000, 0x000000008f100000| Complete 
| 242|0x000000008f200000, 0x000000008f300000, 0x000000008f300000|100%| E|CS|TAMS 0x000000008f200000, 0x000000008f200000| Complete 
| 243|0x000000008f300000, 0x000000008f400000, 0x000000008f400000|100%| E|CS|TAMS 0x000000008f300000, 0x000000008f300000| Complete 
| 244|0x000000008f400000, 0x000000008f500000, 0x000000008f500000|100%| E|CS|TAMS 0x000000008f400000, 0x000000008f400000| Complete 
| 245|0x000000008f500000, 0x000000008f600000, 0x000000008f600000|100%| E|CS|TAMS 0x000000008f500000, 0x000000008f500000| Complete 
| 246|0x000000008f600000, 0x000000008f700000, 0x000000008f700000|100%| E|CS|TAMS 0x000000008f600000, 0x000000008f600000| Complete 
| 247|0x000000008f700000, 0x000000008f800000, 0x000000008f800000|100%| E|CS|TAMS 0x000000008f700000, 0x000000008f700000| Complete 
| 248|0x000000008f800000, 0x000000008f900000, 0x000000008f900000|100%| E|CS|TAMS 0x000000008f800000, 0x000000008f800000| Complete 
| 249|0x000000008f900000, 0x000000008fa00000, 0x000000008fa00000|100%| E|CS|TAMS 0x000000008f900000, 0x000000008f900000| Complete 
| 250|0x000000008fa00000, 0x000000008fb00000, 0x000000008fb00000|100%| E|CS|TAMS 0x000000008fa00000, 0x000000008fa00000| Complete 
| 251|0x000000008fb00000, 0x000000008fc00000, 0x000000008fc00000|100%| E|CS|TAMS 0x000000008fb00000, 0x000000008fb00000| Complete 

Card table byte_map: [0x0000013066140000,0x0000013066540000] _byte_map_base: 0x0000013065d40000

Marking Bits (Prev, Next): (CMBitMap*) 0x0000013052f4d3f0, (CMBitMap*) 0x0000013052f4d3b8
 Prev Bits: [0x0000013068940000, 0x000001306a940000)
 Next Bits: [0x0000013066940000, 0x0000013068940000)

Polling page: 0x00000130526f0000

Metaspace:

Usage:
  Non-class:     79.54 MB capacity,    78.12 MB ( 98%) used,     1.16 MB (  1%) free+waste,   266.19 KB ( <1%) overhead. 
      Class:     12.27 MB capacity,    11.41 MB ( 93%) used,   759.67 KB (  6%) free+waste,   120.31 KB ( <1%) overhead. 
       Both:     91.81 MB capacity,    89.53 MB ( 98%) used,     1.90 MB (  2%) free+waste,   386.50 KB ( <1%) overhead. 

Virtual space:
  Non-class space:       80.00 MB reserved,      79.59 MB (>99%) committed 
      Class space:        1.00 GB reserved,      12.32 MB (  1%) committed 
             Both:        1.08 GB reserved,      91.91 MB (  8%) committed 

Chunk freelists:
   Non-Class:  44.00 KB
       Class:  16.00 KB
        Both:  60.00 KB

MaxMetaspaceSize: 17179869184.00 GB
CompressedClassSpaceSize: 1.00 GB

CodeHeap 'non-profiled nmethods': size=120000Kb used=8149Kb max_used=8149Kb free=111850Kb
 bounds [0x000001305e4e0000, 0x000001305ece0000, 0x0000013065a10000]
CodeHeap 'profiled nmethods': size=120000Kb used=26830Kb max_used=26830Kb free=93169Kb
 bounds [0x0000013056fb0000, 0x00000130589f0000, 0x000001305e4e0000]
CodeHeap 'non-nmethods': size=5760Kb used=2299Kb max_used=2363Kb free=3460Kb
 bounds [0x0000013056a10000, 0x0000013056c80000, 0x0000013056fb0000]
 total_blobs=13027 nmethods=12136 adapters=802
 compilation: enabled
              stopped_count=0, restarted_count=0
 full_count=0

Compilation events (20 events):
Event: 21.472 Thread 0x000001306dcb3800 12146       1       org.antlr.v4.runtime.ParserRuleContext::getStart (5 bytes)
Event: 21.472 Thread 0x000001306dcb3800 nmethod 12146 0x000001305ecd3090 code [0x000001305ecd3240, 0x000001305ecd32f8]
Event: 21.478 Thread 0x000001306dcb3800 12147   !   3       android.databinding.parser.XMLParser::element (451 bytes)
Event: 21.480 Thread 0x000001306dcb3800 nmethod 12147 0x00000130589cd290 code [0x00000130589cd6c0, 0x00000130589cf5c8]
Event: 21.481 Thread 0x000001306dcb3800 12148       3       sun.nio.fs.WindowsPath::equals (30 bytes)
Event: 21.482 Thread 0x000001306dcb3800 nmethod 12148 0x00000130589d0390 code [0x00000130589d0560, 0x00000130589d09e8]
Event: 21.482 Thread 0x000001306dcb3800 12149       3       sun.nio.fs.WindowsPath::getName (47 bytes)
Event: 21.482 Thread 0x000001306dcb3800 nmethod 12149 0x00000130589d0a90 code [0x00000130589d0ca0, 0x00000130589d12a8]
Event: 21.482 Thread 0x000001306dcb3800 12150       3       org.mozilla.universalchardet.prober.SingleByteCharsetProber::reset (50 bytes)
Event: 21.483 Thread 0x000001306dcb3800 nmethod 12150 0x00000130589d1490 code [0x00000130589d1660, 0x00000130589d18d8]
Event: 21.490 Thread 0x000001306dcb3800 12151       3       org.antlr.v4.runtime.RuleContext::getPayload (5 bytes)
Event: 21.490 Thread 0x000001306dcb3800 nmethod 12151 0x00000130589d1a10 code [0x00000130589d1bc0, 0x00000130589d1d98]
Event: 21.490 Thread 0x000001306dcb3800 12152       3       org.antlr.v4.runtime.tree.Trees::toStringTree (120 bytes)
Event: 21.491 Thread 0x000001306dcb3800 nmethod 12152 0x00000130589d1e90 code [0x00000130589d21c0, 0x00000130589d3048]
Event: 21.495 Thread 0x000001306dcb3800 12153       3       javax.xml.namespace.QName::equals (59 bytes)
Event: 21.495 Thread 0x000001306dcb3800 nmethod 12153 0x00000130589d3590 code [0x00000130589d3780, 0x00000130589d3c58]
Event: 21.496 Thread 0x000001306dcb3800 12154       1       com.sun.org.apache.xpath.internal.axes.NodeSequence$IteratorCache::getVector (5 bytes)
Event: 21.496 Thread 0x000001306dcb3800 nmethod 12154 0x000001305ecd3390 code [0x000001305ecd3540, 0x000001305ecd35f8]
Event: 21.499 Thread 0x000001306dcb3800 12155       1       org.antlr.v4.runtime.ParserRuleContext::getStop (5 bytes)
Event: 21.499 Thread 0x000001306dcb3800 nmethod 12155 0x000001305ecd3690 code [0x000001305ecd3840, 0x000001305ecd38f8]

GC Heap History (20 events):
Event: 4.256 GC heap before
{Heap before GC invocations=3 (full 0):
 garbage-first heap   total 258048K, used 51860K [0x0000000080000000, 0x0000000100000000)
  region size 1024K, 46 young (47104K), 11 survivors (11264K)
 Metaspace       used 24219K, capacity 24879K, committed 25008K, reserved 1071104K
  class space    used 3109K, capacity 3302K, committed 3328K, reserved 1048576K
}
Event: 4.262 GC heap after
{Heap after GC invocations=4 (full 0):
 garbage-first heap   total 258048K, used 18601K [0x0000000080000000, 0x0000000100000000)
  region size 1024K, 2 young (2048K), 2 survivors (2048K)
 Metaspace       used 24219K, capacity 24879K, committed 25008K, reserved 1071104K
  class space    used 3109K, capacity 3302K, committed 3328K, reserved 1048576K
}
Event: 5.489 GC heap before
{Heap before GC invocations=4 (full 0):
 garbage-first heap   total 258048K, used 93353K [0x0000000080000000, 0x0000000100000000)
  region size 1024K, 76 young (77824K), 2 survivors (2048K)
 Metaspace       used 34934K, capacity 35659K, committed 35708K, reserved 1081344K
  class space    used 4546K, capacity 4861K, committed 4864K, reserved 1048576K
}
Event: 5.498 GC heap after
{Heap after GC invocations=5 (full 0):
 garbage-first heap   total 258048K, used 22705K [0x0000000080000000, 0x0000000100000000)
  region size 1024K, 6 young (6144K), 6 survivors (6144K)
 Metaspace       used 34934K, capacity 35659K, committed 35708K, reserved 1081344K
  class space    used 4546K, capacity 4861K, committed 4864K, reserved 1048576K
}
Event: 6.817 GC heap before
{Heap before GC invocations=6 (full 0):
 garbage-first heap   total 258048K, used 140465K [0x0000000080000000, 0x0000000100000000)
  region size 1024K, 118 young (120832K), 6 survivors (6144K)
 Metaspace       used 43858K, capacity 44989K, committed 45128K, reserved 1089536K
  class space    used 5600K, capacity 5974K, committed 6092K, reserved 1048576K
}
Event: 6.833 GC heap after
{Heap after GC invocations=7 (full 0):
 garbage-first heap   total 258048K, used 29781K [0x0000000080000000, 0x0000000100000000)
  region size 1024K, 13 young (13312K), 13 survivors (13312K)
 Metaspace       used 43858K, capacity 44989K, committed 45128K, reserved 1089536K
  class space    used 5600K, capacity 5974K, committed 6092K, reserved 1048576K
}
Event: 8.574 GC heap before
{Heap before GC invocations=7 (full 0):
 garbage-first heap   total 258048K, used 168021K [0x0000000080000000, 0x0000000100000000)
  region size 1024K, 139 young (142336K), 13 survivors (13312K)
 Metaspace       used 50762K, capacity 52134K, committed 52168K, reserved 1095680K
  class space    used 6455K, capacity 6955K, committed 6988K, reserved 1048576K
}
Event: 8.595 GC heap after
{Heap after GC invocations=8 (full 0):
 garbage-first heap   total 258048K, used 50325K [0x0000000080000000, 0x0000000100000000)
  region size 1024K, 18 young (18432K), 18 survivors (18432K)
 Metaspace       used 50762K, capacity 52134K, committed 52168K, reserved 1095680K
  class space    used 6455K, capacity 6955K, committed 6988K, reserved 1048576K
}
Event: 9.399 GC heap before
{Heap before GC invocations=8 (full 0):
 garbage-first heap   total 258048K, used 104597K [0x0000000080000000, 0x0000000100000000)
  region size 1024K, 72 young (73728K), 18 survivors (18432K)
 Metaspace       used 58439K, capacity 59934K, committed 60068K, reserved 1101824K
  class space    used 7365K, capacity 7949K, committed 8012K, reserved 1048576K
}
Event: 9.419 GC heap after
{Heap after GC invocations=9 (full 0):
 garbage-first heap   total 258048K, used 54597K [0x0000000080000000, 0x0000000100000000)
  region size 1024K, 4 young (4096K), 4 survivors (4096K)
 Metaspace       used 58439K, capacity 59934K, committed 60068K, reserved 1101824K
  class space    used 7365K, capacity 7949K, committed 8012K, reserved 1048576K
}
Event: 10.805 GC heap before
{Heap before GC invocations=10 (full 0):
 garbage-first heap   total 258048K, used 159045K [0x0000000080000000, 0x0000000100000000)
  region size 1024K, 106 young (108544K), 4 survivors (4096K)
 Metaspace       used 65963K, capacity 67626K, committed 67748K, reserved 1107968K
  class space    used 8338K, capacity 8965K, committed 9036K, reserved 1048576K
}
Event: 10.815 GC heap after
{Heap after GC invocations=11 (full 0):
 garbage-first heap   total 258048K, used 61026K [0x0000000080000000, 0x0000000100000000)
  region size 1024K, 10 young (10240K), 10 survivors (10240K)
 Metaspace       used 65963K, capacity 67626K, committed 67748K, reserved 1107968K
  class space    used 8338K, capacity 8965K, committed 9036K, reserved 1048576K
}
Event: 12.631 GC heap before
{Heap before GC invocations=11 (full 0):
 garbage-first heap   total 258048K, used 168546K [0x0000000080000000, 0x0000000100000000)
  region size 1024K, 115 young (117760K), 10 survivors (10240K)
 Metaspace       used 77337K, capacity 79131K, committed 79396K, reserved 1118208K
  class space    used 9987K, capacity 10640K, committed 10700K, reserved 1048576K
}
Event: 12.645 GC heap after
{Heap after GC invocations=12 (full 0):
 garbage-first heap   total 258048K, used 68597K [0x0000000080000000, 0x0000000100000000)
  region size 1024K, 8 young (8192K), 8 survivors (8192K)
 Metaspace       used 77337K, capacity 79131K, committed 79396K, reserved 1118208K
  class space    used 9987K, capacity 10640K, committed 10700K, reserved 1048576K
}
Event: 14.253 GC heap before
{Heap before GC invocations=12 (full 0):
 garbage-first heap   total 258048K, used 176117K [0x0000000080000000, 0x0000000100000000)
  region size 1024K, 114 young (116736K), 8 survivors (8192K)
 Metaspace       used 84504K, capacity 86753K, committed 86948K, reserved 1124352K
  class space    used 10971K, capacity 11798K, committed 11852K, reserved 1048576K
}
Event: 14.266 GC heap after
{Heap after GC invocations=13 (full 0):
 garbage-first heap   total 258048K, used 77609K [0x0000000080000000, 0x0000000100000000)
  region size 1024K, 15 young (15360K), 15 survivors (15360K)
 Metaspace       used 84504K, capacity 86753K, committed 86948K, reserved 1124352K
  class space    used 10971K, capacity 11798K, committed 11852K, reserved 1048576K
}
Event: 16.762 GC heap before
{Heap before GC invocations=13 (full 0):
 garbage-first heap   total 258048K, used 183081K [0x0000000080000000, 0x0000000100000000)
  region size 1024K, 119 young (121856K), 15 survivors (15360K)
 Metaspace       used 86843K, capacity 89140K, committed 89252K, reserved 1126400K
  class space    used 11193K, capacity 12048K, committed 12108K, reserved 1048576K
}
Event: 16.779 GC heap after
{Heap after GC invocations=14 (full 0):
 garbage-first heap   total 258048K, used 84337K [0x0000000080000000, 0x0000000100000000)
  region size 1024K, 7 young (7168K), 7 survivors (7168K)
 Metaspace       used 86843K, capacity 89140K, committed 89252K, reserved 1126400K
  class space    used 11193K, capacity 12048K, committed 12108K, reserved 1048576K
}
Event: 19.151 GC heap before
{Heap before GC invocations=14 (full 0):
 garbage-first heap   total 258048K, used 192881K [0x0000000080000000, 0x0000000100000000)
  region size 1024K, 111 young (113664K), 7 survivors (7168K)
 Metaspace       used 88153K, capacity 90397K, committed 90660K, reserved 1128448K
  class space    used 11283K, capacity 12147K, committed 12236K, reserved 1048576K
}
Event: 19.171 GC heap after
{Heap after GC invocations=15 (full 0):
 garbage-first heap   total 258048K, used 107366K [0x0000000080000000, 0x0000000100000000)
  region size 1024K, 14 young (14336K), 14 survivors (14336K)
 Metaspace       used 88153K, capacity 90397K, committed 90660K, reserved 1128448K
  class space    used 11283K, capacity 12147K, committed 12236K, reserved 1048576K
}

Deoptimization events (20 events):
Event: 21.236 Thread 0x000001306fd54800 Uncommon trap: trap_request=0xffffff4d fr.pc=0x000001305e55a23c relative=0x000000000000047c
Event: 21.236 Thread 0x000001306fd54800 Uncommon trap: reason=unstable_if action=reinterpret pc=0x000001305e55a23c method=java.lang.AbstractStringBuilder.putStringAt(ILjava/lang/String;)V @ 8 c2
Event: 21.236 Thread 0x000001306fd54800 DEOPT PACKING pc=0x000001305e55a23c sp=0x0000002dd48f65a0
Event: 21.236 Thread 0x000001306fd54800 DEOPT UNPACKING pc=0x0000013056a183af sp=0x0000002dd48f6498 mode 2
Event: 21.238 Thread 0x000001306fd54800 Uncommon trap: trap_request=0xffffff4d fr.pc=0x000001305e519784 relative=0x00000000000001e4
Event: 21.238 Thread 0x000001306fd54800 Uncommon trap: reason=unstable_if action=reinterpret pc=0x000001305e519784 method=java.lang.StringCoding.encodeUTF8(B[BZ)[B @ 2 c2
Event: 21.238 Thread 0x000001306fd54800 DEOPT PACKING pc=0x000001305e519784 sp=0x0000002dd48f65c0
Event: 21.238 Thread 0x000001306fd54800 DEOPT UNPACKING pc=0x0000013056a183af sp=0x0000002dd48f6550 mode 2
Event: 21.241 Thread 0x000001306fd54800 DEOPT PACKING pc=0x0000013058928517 sp=0x0000002dd48f6370
Event: 21.241 Thread 0x000001306fd54800 DEOPT UNPACKING pc=0x0000013056a37c0e sp=0x0000002dd48f58f8 mode 0
Event: 21.320 Thread 0x000001306fd54800 Uncommon trap: trap_request=0xffffff4d fr.pc=0x000001305e52ee4c relative=0x0000000000002a2c
Event: 21.320 Thread 0x000001306fd54800 Uncommon trap: reason=unstable_if action=reinterpret pc=0x000001305e52ee4c method=java.util.HashMap.putVal(ILjava/lang/Object;Ljava/lang/Object;ZZ)Ljava/lang/Object; @ 206 c2
Event: 21.320 Thread 0x000001306fd54800 DEOPT PACKING pc=0x000001305e52ee4c sp=0x0000002dd48f4ea0
Event: 21.320 Thread 0x000001306fd54800 DEOPT UNPACKING pc=0x0000013056a183af sp=0x0000002dd48f4d60 mode 2
Event: 21.400 Thread 0x000001306fd54800 DEOPT PACKING pc=0x0000013058928517 sp=0x0000002dd48f6210
Event: 21.400 Thread 0x000001306fd54800 DEOPT UNPACKING pc=0x0000013056a37c0e sp=0x0000002dd48f5798 mode 0
Event: 21.437 Thread 0x000001306fd54800 DEOPT PACKING pc=0x0000013058928517 sp=0x0000002dd48f6210
Event: 21.437 Thread 0x000001306fd54800 DEOPT UNPACKING pc=0x0000013056a37c0e sp=0x0000002dd48f5798 mode 0
Event: 21.483 Thread 0x000001306fd54800 DEOPT PACKING pc=0x000001305780b2f1 sp=0x0000002dd48f64d0
Event: 21.483 Thread 0x000001306fd54800 DEOPT UNPACKING pc=0x0000013056a37c0e sp=0x0000002dd48f59c8 mode 0

Classes redefined (0 events):
No events

Internal exceptions (20 events):
Event: 14.896 Thread 0x000001306fd4b800 Exception <a 'java/lang/NoSuchMethodError'{0x000000008c3d6570}: <clinit>> (0x000000008c3d6570) thrown at [./src/hotspot/share/prims/jni.cpp, line 1362]
Event: 14.957 Thread 0x00000130746ba000 Implicit null exception at 0x000001305eae93d2 to 0x000001305eae97e0
Event: 17.989 Thread 0x000001306fd54800 Implicit null exception at 0x000001305ebb7fe8 to 0x000001305ebb804c
Event: 17.989 Thread 0x000001306fd54800 Implicit null exception at 0x000001305ebb18e8 to 0x000001305ebb1b18
Event: 19.249 Thread 0x000001306fd54800 Exception <a 'java/lang/NoSuchMethodError'{0x000000008f8d2280}: <clinit>> (0x000000008f8d2280) thrown at [./src/hotspot/share/prims/jni.cpp, line 1362]
Event: 19.255 Thread 0x000001306fd54800 Exception <a 'java/lang/NoSuchMethodError'{0x000000008f8e7868}: <clinit>> (0x000000008f8e7868) thrown at [./src/hotspot/share/prims/jni.cpp, line 1362]
Event: 19.266 Thread 0x000001306fd54800 Exception <a 'java/lang/NoSuchMethodError'{0x000000008f7787a0}: <clinit>> (0x000000008f7787a0) thrown at [./src/hotspot/share/prims/jni.cpp, line 1362]
Event: 19.266 Thread 0x000001306fd54800 Exception <a 'java/lang/NoSuchMethodError'{0x000000008f77bb60}: <clinit>> (0x000000008f77bb60) thrown at [./src/hotspot/share/prims/jni.cpp, line 1362]
Event: 19.267 Thread 0x000001306fd54800 Exception <a 'java/lang/NoSuchMethodError'{0x000000008f781278}: <clinit>> (0x000000008f781278) thrown at [./src/hotspot/share/prims/jni.cpp, line 1362]
Event: 19.267 Thread 0x000001306fd54800 Exception <a 'java/lang/NoSuchMethodError'{0x000000008f78d4b8}: <clinit>> (0x000000008f78d4b8) thrown at [./src/hotspot/share/prims/jni.cpp, line 1362]
Event: 19.277 Thread 0x000001306fd54800 Exception <a 'java/lang/NoSuchMethodError'{0x000000008f7f6b48}: <clinit>> (0x000000008f7f6b48) thrown at [./src/hotspot/share/prims/jni.cpp, line 1362]
Event: 19.297 Thread 0x000001306fd54800 Exception <a 'java/lang/NoSuchMethodError'{0x000000008f63f4e0}: <clinit>> (0x000000008f63f4e0) thrown at [./src/hotspot/share/prims/jni.cpp, line 1362]
Event: 19.297 Thread 0x000001306fd54800 Exception <a 'java/lang/NoSuchMethodError'{0x000000008f6433e8}: <clinit>> (0x000000008f6433e8) thrown at [./src/hotspot/share/prims/jni.cpp, line 1362]
Event: 19.297 Thread 0x000001306fd54800 Exception <a 'java/lang/NoSuchMethodError'{0x000000008f646af8}: <clinit>> (0x000000008f646af8) thrown at [./src/hotspot/share/prims/jni.cpp, line 1362]
Event: 19.299 Thread 0x000001306fd54800 Exception <a 'java/lang/NoSuchMethodError'{0x000000008f667fb0}: <clinit>> (0x000000008f667fb0) thrown at [./src/hotspot/share/prims/jni.cpp, line 1362]
Event: 19.301 Thread 0x000001306fd54800 Exception <a 'java/lang/NoSuchMethodError'{0x000000008f688a00}: <clinit>> (0x000000008f688a00) thrown at [./src/hotspot/share/prims/jni.cpp, line 1362]
Event: 19.302 Thread 0x000001306fd54800 Exception <a 'java/lang/NoSuchMethodError'{0x000000008f6a53e8}: <clinit>> (0x000000008f6a53e8) thrown at [./src/hotspot/share/prims/jni.cpp, line 1362]
Event: 19.305 Thread 0x000001306fd54800 Exception <a 'java/lang/NoSuchMethodError'{0x000000008f6d44b0}: <clinit>> (0x000000008f6d44b0) thrown at [./src/hotspot/share/prims/jni.cpp, line 1362]
Event: 19.314 Thread 0x000001306fd54800 Exception <a 'java/lang/NoSuchMethodError'{0x000000008f504760}: <clinit>> (0x000000008f504760) thrown at [./src/hotspot/share/prims/jni.cpp, line 1362]
Event: 19.317 Thread 0x000001306fd54800 Exception <a 'java/lang/NoSuchMethodError'{0x000000008f51dce8}: <clinit>> (0x000000008f51dce8) thrown at [./src/hotspot/share/prims/jni.cpp, line 1362]

Events (20 events):
Event: 21.311 loading class android/databinding/parser/BindingExpressionParser$ExpressionListContext
Event: 21.311 loading class android/databinding/parser/BindingExpressionParser$ExpressionListContext done
Event: 21.312 loading class android/databinding/parser/BindingExpressionParser$StringLiteralContext
Event: 21.312 loading class android/databinding/parser/BindingExpressionParser$StringLiteralContext done
Event: 21.312 loading class android/databinding/parser/BindingExpressionParser$BindingSyntaxContext
Event: 21.312 loading class android/databinding/parser/BindingExpressionParser$BindingSyntaxContext done
Event: 21.312 loading class android/databinding/parser/BindingExpressionParser$RootExprContext
Event: 21.312 loading class android/databinding/parser/BindingExpressionParser$RootExprContext done
Event: 21.313 loading class android/databinding/parser/BindingExpressionParser$RootLambdaContext
Event: 21.313 loading class android/databinding/parser/BindingExpressionParser$RootLambdaContext done
Event: 21.318 Thread 0x000001306e776000 Thread added: 0x000001306e776000
Event: 21.322 loading class org/antlr/v4/runtime/dfa/DFAState$PredPrediction
Event: 21.322 loading class org/antlr/v4/runtime/dfa/DFAState$PredPrediction done
Event: 21.325 loading class android/databinding/tool/util/XmlEditor$2
Event: 21.325 loading class android/databinding/tool/util/XmlEditor$2 done
Event: 21.326 loading class android/databinding/parser/BindingExpressionBaseVisitor
Event: 21.326 loading class android/databinding/parser/BindingExpressionBaseVisitor done
Event: 21.326 loading class android/databinding/parser/BindingExpressionVisitor
Event: 21.326 loading class android/databinding/parser/BindingExpressionVisitor done
Event: 21.351 Thread 0x00000130792ca000 Thread added: 0x00000130792ca000


Dynamic libraries:
0x00007ff7016b0000 - 0x00007ff7016ba000 	C:\Program Files\Android\Android Studio\jre\bin\java.exe
0x00007fff9aa90000 - 0x00007fff9ac88000 	C:\Windows\SYSTEM32\ntdll.dll
0x00007fff990d0000 - 0x00007fff9918f000 	C:\Windows\System32\KERNEL32.DLL
0x00007fff98210000 - 0x00007fff984e2000 	C:\Windows\System32\KERNELBASE.dll
0x00007fff98590000 - 0x00007fff98690000 	C:\Windows\System32\ucrtbase.dll
0x00007fff7f790000 - 0x00007fff7f7a9000 	C:\Program Files\Android\Android Studio\jre\bin\jli.dll
0x00007fff7f6d0000 - 0x00007fff7f6e7000 	C:\Program Files\Android\Android Studio\jre\bin\VCRUNTIME140.dll
0x00007fff9a090000 - 0x00007fff9a22d000 	C:\Windows\System32\USER32.dll
0x00007fff98190000 - 0x00007fff981b2000 	C:\Windows\System32\win32u.dll
0x00007fff99f10000 - 0x00007fff99f3b000 	C:\Windows\System32\GDI32.dll
0x00007fff83a10000 - 0x00007fff83caa000 	C:\Windows\WinSxS\amd64_microsoft.windows.common-controls_6595b64144ccf1df_6.0.19041.1110_none_60b5254171f9507e\COMCTL32.dll
0x00007fff99ff0000 - 0x00007fff9a08e000 	C:\Windows\System32\msvcrt.dll
0x00007fff98840000 - 0x00007fff9894f000 	C:\Windows\System32\gdi32full.dll
0x00007fff984f0000 - 0x00007fff9858d000 	C:\Windows\System32\msvcp_win.dll
0x00007fff99ac0000 - 0x00007fff99af2000 	C:\Windows\System32\IMM32.DLL
0x00007fff62400000 - 0x00007fff6249d000 	C:\Program Files\Android\Android Studio\jre\bin\msvcp140.dll
0x00007fff17360000 - 0x00007fff17e35000 	C:\Program Files\Android\Android Studio\jre\bin\server\jvm.dll
0x00007fff99940000 - 0x00007fff999ee000 	C:\Windows\System32\ADVAPI32.dll
0x00007fff98c30000 - 0x00007fff98ccc000 	C:\Windows\System32\sechost.dll
0x00007fff9a8b0000 - 0x00007fff9a9d5000 	C:\Windows\System32\RPCRT4.dll
0x00007fff99f00000 - 0x00007fff99f08000 	C:\Windows\System32\PSAPI.DLL
0x00007fff85290000 - 0x00007fff85299000 	C:\Windows\SYSTEM32\WSOCK32.dll
0x00007fff900c0000 - 0x00007fff900ca000 	C:\Windows\SYSTEM32\VERSION.dll
0x00007fff92ed0000 - 0x00007fff92ef7000 	C:\Windows\SYSTEM32\WINMM.dll
0x00007fff9a9e0000 - 0x00007fff9aa4b000 	C:\Windows\System32\WS2_32.dll
0x00007fff969e0000 - 0x00007fff969f2000 	C:\Windows\SYSTEM32\kernel.appcore.dll
0x00007fff891d0000 - 0x00007fff891e1000 	C:\Program Files\Android\Android Studio\jre\bin\verify.dll
0x00007fff96710000 - 0x00007fff968f4000 	C:\Windows\SYSTEM32\DBGHELP.DLL
0x00007fff92e60000 - 0x00007fff92e8c000 	C:\Windows\SYSTEM32\dbgcore.DLL
0x00007fff98690000 - 0x00007fff98712000 	C:\Windows\System32\bcryptPrimitives.dll
0x00007fff83400000 - 0x00007fff83429000 	C:\Program Files\Android\Android Studio\jre\bin\java.dll
0x00007fff8b340000 - 0x00007fff8b34b000 	C:\Program Files\Android\Android Studio\jre\bin\jimage.dll
0x00007fff89040000 - 0x00007fff89058000 	C:\Program Files\Android\Android Studio\jre\bin\zip.dll
0x00007fff991f0000 - 0x00007fff99933000 	C:\Windows\System32\SHELL32.dll
0x00007fff95ea0000 - 0x00007fff96632000 	C:\Windows\SYSTEM32\windows.storage.dll
0x00007fff98cd0000 - 0x00007fff99024000 	C:\Windows\System32\combase.dll
0x00007fff97bf0000 - 0x00007fff97c20000 	C:\Windows\SYSTEM32\Wldp.dll
0x00007fff9a330000 - 0x00007fff9a3dd000 	C:\Windows\System32\SHCORE.dll
0x00007fff98bd0000 - 0x00007fff98c25000 	C:\Windows\System32\shlwapi.dll
0x00007fff980d0000 - 0x00007fff980ef000 	C:\Windows\SYSTEM32\profapi.dll
0x00007fff83620000 - 0x00007fff8363a000 	C:\Program Files\Android\Android Studio\jre\bin\net.dll
0x00007fff91ae0000 - 0x00007fff91bec000 	C:\Windows\SYSTEM32\WINHTTP.dll
0x00007fff97950000 - 0x00007fff979ba000 	C:\Windows\system32\mswsock.dll
0x00007fff81980000 - 0x00007fff81994000 	C:\Program Files\Android\Android Studio\jre\bin\nio.dll
0x00007fff7e3b0000 - 0x00007fff7e3d7000 	C:\Users\admin\.gradle\native\e1d6ef7f7dcc3fd88c89a11ec53ec762bb8ba0a96d01ffa2cd45eb1d1d8dd5c5\windows-amd64\native-platform.dll
0x00007fff53c70000 - 0x00007fff53db4000 	C:\Users\admin\.gradle\native\5664cfc778a61ccfe75a443a1ab52a65af34e5dc3c78e0209fed803814484fcb\windows-amd64\native-platform-file-events.dll
0x00007fff88fe0000 - 0x00007fff88fea000 	C:\Program Files\Android\Android Studio\jre\bin\management.dll
0x00007fff88800000 - 0x00007fff8880d000 	C:\Program Files\Android\Android Studio\jre\bin\management_ext.dll
0x00007fff97b40000 - 0x00007fff97b58000 	C:\Windows\SYSTEM32\CRYPTSP.dll
0x00007fff97200000 - 0x00007fff97234000 	C:\Windows\system32\rsaenh.dll
0x00007fff98950000 - 0x00007fff98977000 	C:\Windows\System32\bcrypt.dll
0x00007fff98090000 - 0x00007fff980be000 	C:\Windows\SYSTEM32\USERENV.dll
0x00007fff97b60000 - 0x00007fff97b6c000 	C:\Windows\SYSTEM32\CRYPTBASE.dll
0x00007fff975f0000 - 0x00007fff9762b000 	C:\Windows\SYSTEM32\IPHLPAPI.DLL
0x00007fff98b60000 - 0x00007fff98b68000 	C:\Windows\System32\NSI.dll
0x00007fff8cb10000 - 0x00007fff8cb27000 	C:\Windows\SYSTEM32\dhcpcsvc6.DLL
0x00007fff8d770000 - 0x00007fff8d78d000 	C:\Windows\SYSTEM32\dhcpcsvc.DLL
0x00007fff97690000 - 0x00007fff9775a000 	C:\Windows\SYSTEM32\DNSAPI.dll
0x00007fff97320000 - 0x00007fff97353000 	C:\Windows\SYSTEM32\ntmarta.dll

dbghelp: loaded successfully - version: 4.0.5 - missing functions: none
symbol engine: initialized successfully - sym options: 0x614 - pdb path: .;C:\Program Files\Android\Android Studio\jre\bin;C:\Windows\SYSTEM32;C:\Windows\WinSxS\amd64_microsoft.windows.common-controls_6595b64144ccf1df_6.0.19041.1110_none_60b5254171f9507e;C:\Program Files\Android\Android Studio\jre\bin\server;C:\Users\admin\.gradle\native\e1d6ef7f7dcc3fd88c89a11ec53ec762bb8ba0a96d01ffa2cd45eb1d1d8dd5c5\windows-amd64;C:\Users\admin\.gradle\native\5664cfc778a61ccfe75a443a1ab52a65af34e5dc3c78e0209fed803814484fcb\windows-amd64

VM Arguments:
jvm_args: --add-opens=java.base/java.util=ALL-UNNAMED --add-opens=java.base/java.lang=ALL-UNNAMED --add-opens=java.base/java.lang.invoke=ALL-UNNAMED --add-opens=java.base/java.util=ALL-UNNAMED --add-opens=java.prefs/java.util.prefs=ALL-UNNAMED --add-opens=java.prefs/java.util.prefs=ALL-UNNAMED --add-opens=java.base/java.nio.charset=ALL-UNNAMED --add-opens=java.base/java.net=ALL-UNNAMED --add-opens=java.base/java.util.concurrent.atomic=ALL-UNNAMED -Xmx2048m -Dfile.encoding=UTF-8 -Duser.country=KR -Duser.language=ko -Duser.variant 
java_command: org.gradle.launcher.daemon.bootstrap.GradleDaemon 7.2
java_class_path (initial): C:\Users\admin\.gradle\wrapper\dists\gradle-7.2-bin\2dnblmf4td7x66yl1d74lt32g\gradle-7.2\lib\gradle-launcher-7.2.jar
Launcher Type: SUN_STANDARD

[Global flags]
     intx CICompilerCount                          = 4                                         {product} {ergonomic}
     uint ConcGCThreads                            = 2                                         {product} {ergonomic}
     uint G1ConcRefinementThreads                  = 8                                         {product} {ergonomic}
   size_t G1HeapRegionSize                         = 1048576                                   {product} {ergonomic}
    uintx GCDrainStackTargetSize                   = 64                                        {product} {ergonomic}
   size_t InitialHeapSize                          = 264241152                                 {product} {ergonomic}
   size_t MarkStackSize                            = 4194304                                   {product} {ergonomic}
   size_t MaxHeapSize                              = 2147483648                                {product} {command line}
   size_t MaxNewSize                               = 1287651328                                {product} {ergonomic}
   size_t MinHeapDeltaBytes                        = 1048576                                   {product} {ergonomic}
    uintx NonNMethodCodeHeapSize                   = 5836300                                {pd product} {ergonomic}
    uintx NonProfiledCodeHeapSize                  = 122910970                              {pd product} {ergonomic}
    uintx ProfiledCodeHeapSize                     = 122910970                              {pd product} {ergonomic}
    uintx ReservedCodeCacheSize                    = 251658240                              {pd product} {ergonomic}
     bool SegmentedCodeCache                       = true                                      {product} {ergonomic}
     bool UseCompressedClassPointers               = true                                 {lp64_product} {ergonomic}
     bool UseCompressedOops                        = true                                 {lp64_product} {ergonomic}
     bool UseG1GC                                  = true                                      {product} {ergonomic}
     bool UseLargePagesIndividualAllocation        = false                                  {pd product} {ergonomic}

Logging:
Log output configuration:
 #0: stdout all=warning uptime,level,tags
 #1: stderr all=off uptime,level,tags

Environment Variables:
PATH=C:\Program Files\Common Files\Oracle\Java\javapath;C:\Program Files (x86)\Common Files\Oracle\Java\javapath;C:\Windows\system32;C:\Windows;C:\Windows\System32\Wbem;C:\Windows\System32\WindowsPowerShell\v1.0\;C:\Windows\System32\OpenSSH\;C:\Program Files\Git\cmd;C:\Program Files\dotnet\;C:\Users\admin\anaconda3;C:\Users\admin\anaconda3\Library\mingw-w64\bin;C:\Users\admin\anaconda3\Library\usr\bin;C:\Users\admin\anaconda3\Library\bin;C:\Users\admin\anaconda3\Scripts;C:\Users\admin\AppData\Local\Programs\Python\Python310\Scripts\;C:\Users\admin\AppData\Local\Programs\Python\Python310\;C:\Program Files\MySQL\MySQL Shell 8.0\bin\;C:\Users\admin\AppData\Local\Microsoft\WindowsApps;C:\Users\admin\AppData\Local\afreeca
USERNAME=admin
OS=Windows_NT
PROCESSOR_IDENTIFIER=Intel64 Family 6 Model 140 Stepping 1, GenuineIntel



---------------  S Y S T E M  ---------------

OS: Windows 10 , 64 bit Build 19041 (10.0.19041.2251)
OS uptime: 27 days 10:54 hours

CPU:total 8 (initial active 8) (4 cores per cpu, 2 threads per core) family 6 model 140 stepping 1 microcode 0x8a, cmov, cx8, fxsr, mmx, sse, sse2, sse3, ssse3, sse4.1, sse4.2, popcnt, avx, avx2, aes, clmul, erms, 3dnowpref, lzcnt, ht, tsc, tscinvbit, bmi1, bmi2, adx, evex, sha, fma

Memory: 4k page, system-wide physical 16108M (3266M free)
TotalPageFile size 65260M (AvailPageFile size 2M)
current process WorkingSet (physical memory assigned to process): 533M, peak: 549M
current process commit charge ("private bytes"): 577M, peak: 590M

vm_info: OpenJDK 64-Bit Server VM (11.0.11+9-b60-7590822) for windows-amd64 JRE (11.0.11+9-b60-7590822), built on Jul 29 2021 21:43:44 by "builder" with MS VC++ 14.0 (VS2015)

END.
